DEBUG - 2025-09-05 01:48:16 --> Session: Class initialized using 'CodeIgniter\Session\Handlers\FileHandler' driver.
DEBUG - 2025-09-05 01:48:24 --> Session: Class initialized using 'CodeIgniter\Session\Handlers\FileHandler' driver.
DEBUG - 2025-09-05 01:48:32 --> Session: Class initialized using 'CodeIgniter\Session\Handlers\FileHandler' driver.
DEBUG - 2025-09-05 01:48:33 --> Session: Class initialized using 'CodeIgniter\Session\Handlers\FileHandler' driver.
DEBUG - 2025-09-05 01:48:37 --> Session: Class initialized using 'CodeIgniter\Session\Handlers\FileHandler' driver.
DEBUG - 2025-09-05 01:48:37 --> Session: Class initialized using 'CodeIgniter\Session\Handlers\FileHandler' driver.
DEBUG - 2025-09-05 01:48:39 --> Session: Class initialized using 'CodeIgniter\Session\Handlers\FileHandler' driver.
DEBUG - 2025-09-05 01:48:48 --> Session: Class initialized using 'CodeIgniter\Session\Handlers\FileHandler' driver.
DEBUG - 2025-09-05 01:49:36 --> Session: Class initialized using 'CodeIgniter\Session\Handlers\FileHandler' driver.
DEBUG - 2025-09-05 01:49:41 --> Session: Class initialized using 'CodeIgniter\Session\Handlers\FileHandler' driver.
DEBUG - 2025-09-05 01:49:44 --> Session: Class initialized using 'CodeIgniter\Session\Handlers\FileHandler' driver.
DEBUG - 2025-09-05 01:49:49 --> Session: Class initialized using 'CodeIgniter\Session\Handlers\FileHandler' driver.
DEBUG - 2025-09-05 01:49:49 --> Session: Class initialized using 'CodeIgniter\Session\Handlers\FileHandler' driver.
DEBUG - 2025-09-05 03:02:47 --> Session: Class initialized using 'CodeIgniter\Session\Handlers\FileHandler' driver.
CRITICAL - 2025-09-05 03:52:05 --> ErrorException: Undefined variable $konten
[Method: GET, Route: content-list]
in APPPATH\Views\admin\content-list.php on line 32.
 1 APPPATH\Views\admin\content-list.php(32): CodeIgniter\Debug\Exceptions->errorHandler(2, 'Undefined variable $konten', 'C:\\xampp\\htdocs\\Sejiwa\\app\\Views\\admin\\content-list.php', 32)
 2 SYSTEMPATH\View\View.php(226): include('C:\\xampp\\htdocs\\Sejiwa\\app\\Views\\admin\\content-list.php')
 3 SYSTEMPATH\View\View.php(229): CodeIgniter\View\View->CodeIgniter\View\{closure}()
 4 SYSTEMPATH\Common.php(1167): CodeIgniter\View\View->render('admin/content-list', [], true)
 5 APPPATH\Controllers\ContentController.php(14): view('admin/content-list')
 6 SYSTEMPATH\CodeIgniter.php(933): App\Controllers\ContentController->index()
 7 SYSTEMPATH\CodeIgniter.php(507): CodeIgniter\CodeIgniter->runController(Object(App\Controllers\ContentController))
 8 SYSTEMPATH\CodeIgniter.php(354): CodeIgniter\CodeIgniter->handleRequest(null, Object(Config\Cache), false)
 9 SYSTEMPATH\Boot.php(363): CodeIgniter\CodeIgniter->run()
10 SYSTEMPATH\Boot.php(68): CodeIgniter\Boot::runCodeIgniter(Object(CodeIgniter\CodeIgniter))
11 FCPATH\index.php(59): CodeIgniter\Boot::bootWeb(Object(Config\Paths))
12 SYSTEMPATH\rewrite.php(44): require_once('C:\\xampp\\htdocs\\Sejiwa\\public\\index.php')
CRITICAL - 2025-09-05 04:03:08 --> ErrorException: Undefined variable $stats
[Method: GET, Route: content-list]
in APPPATH\Views\admin\content-list.php on line 21.
 1 APPPATH\Views\admin\content-list.php(21): CodeIgniter\Debug\Exceptions->errorHandler(2, 'Undefined variable $stats', 'C:\\xampp\\htdocs\\Sejiwa\\app\\Views\\admin\\content-list.php', 21)
 2 SYSTEMPATH\View\View.php(226): include('C:\\xampp\\htdocs\\Sejiwa\\app\\Views\\admin\\content-list.php')
 3 SYSTEMPATH\View\View.php(229): CodeIgniter\View\View->CodeIgniter\View\{closure}()
 4 SYSTEMPATH\Common.php(1167): CodeIgniter\View\View->render('admin/content-list', [], true)
 5 APPPATH\Controllers\ContentController.php(14): view('admin/content-list')
 6 SYSTEMPATH\CodeIgniter.php(933): App\Controllers\ContentController->index()
 7 SYSTEMPATH\CodeIgniter.php(507): CodeIgniter\CodeIgniter->runController(Object(App\Controllers\ContentController))
 8 SYSTEMPATH\CodeIgniter.php(354): CodeIgniter\CodeIgniter->handleRequest(null, Object(Config\Cache), false)
 9 SYSTEMPATH\Boot.php(363): CodeIgniter\CodeIgniter->run()
10 SYSTEMPATH\Boot.php(68): CodeIgniter\Boot::runCodeIgniter(Object(CodeIgniter\CodeIgniter))
11 FCPATH\index.php(59): CodeIgniter\Boot::bootWeb(Object(Config\Paths))
12 SYSTEMPATH\rewrite.php(44): require_once('C:\\xampp\\htdocs\\Sejiwa\\public\\index.php')
CRITICAL - 2025-09-05 04:03:12 --> ErrorException: Undefined variable $stats
[Method: GET, Route: content-list]
in APPPATH\Views\admin\content-list.php on line 21.
 1 APPPATH\Views\admin\content-list.php(21): CodeIgniter\Debug\Exceptions->errorHandler(2, 'Undefined variable $stats', 'C:\\xampp\\htdocs\\Sejiwa\\app\\Views\\admin\\content-list.php', 21)
 2 SYSTEMPATH\View\View.php(226): include('C:\\xampp\\htdocs\\Sejiwa\\app\\Views\\admin\\content-list.php')
 3 SYSTEMPATH\View\View.php(229): CodeIgniter\View\View->CodeIgniter\View\{closure}()
 4 SYSTEMPATH\Common.php(1167): CodeIgniter\View\View->render('admin/content-list', [], true)
 5 APPPATH\Controllers\ContentController.php(14): view('admin/content-list')
 6 SYSTEMPATH\CodeIgniter.php(933): App\Controllers\ContentController->index()
 7 SYSTEMPATH\CodeIgniter.php(507): CodeIgniter\CodeIgniter->runController(Object(App\Controllers\ContentController))
 8 SYSTEMPATH\CodeIgniter.php(354): CodeIgniter\CodeIgniter->handleRequest(null, Object(Config\Cache), false)
 9 SYSTEMPATH\Boot.php(363): CodeIgniter\CodeIgniter->run()
10 SYSTEMPATH\Boot.php(68): CodeIgniter\Boot::runCodeIgniter(Object(CodeIgniter\CodeIgniter))
11 FCPATH\index.php(59): CodeIgniter\Boot::bootWeb(Object(Config\Paths))
12 SYSTEMPATH\rewrite.php(44): require_once('C:\\xampp\\htdocs\\Sejiwa\\public\\index.php')
ERROR - 2025-09-05 04:07:15 --> mysqli_sql_exception: Duplicate column name 'updated_at' in C:\xampp\htdocs\Sejiwa\system\Database\MySQLi\Connection.php:327
Stack trace:
#0 C:\xampp\htdocs\Sejiwa\system\Database\MySQLi\Connection.php(327): mysqli->query('ALTER TABLE `ot...', 0)
#1 C:\xampp\htdocs\Sejiwa\system\Database\BaseConnection.php(729): CodeIgniter\Database\MySQLi\Connection->execute('ALTER TABLE `ot...')
#2 C:\xampp\htdocs\Sejiwa\system\Database\BaseConnection.php(646): CodeIgniter\Database\BaseConnection->simpleQuery('ALTER TABLE `ot...')
#3 C:\xampp\htdocs\Sejiwa\system\Database\Forge.php(772): CodeIgniter\Database\BaseConnection->query('ALTER TABLE `ot...')
#4 C:\xampp\htdocs\Sejiwa\app\Database\Migrations\2025-08-28-055336_AddCiSessionTable.php(19): CodeIgniter\Database\Forge->addColumn('otp_codes', Array)
#5 C:\xampp\htdocs\Sejiwa\system\Database\MigrationRunner.php(876): App\Database\Migrations\AddUpdatedAtToOtpCodes->up()
#6 C:\xampp\htdocs\Sejiwa\system\Database\MigrationRunner.php(182): CodeIgniter\Database\MigrationRunner->migrate('up', Object(stdClass))
#7 C:\xampp\htdocs\Sejiwa\system\Commands\Database\Migrate.php(85): CodeIgniter\Database\MigrationRunner->latest(NULL)
#8 C:\xampp\htdocs\Sejiwa\system\CLI\Commands.php(74): CodeIgniter\Commands\Database\Migrate->run(Array)
#9 C:\xampp\htdocs\Sejiwa\system\CLI\Console.php(47): CodeIgniter\CLI\Commands->run('migrate', Array)
#10 C:\xampp\htdocs\Sejiwa\system\Boot.php(388): CodeIgniter\CLI\Console->run()
#11 C:\xampp\htdocs\Sejiwa\system\Boot.php(133): CodeIgniter\Boot::runCommand(Object(CodeIgniter\CLI\Console))
#12 C:\xampp\htdocs\Sejiwa\spark(87): CodeIgniter\Boot::bootSpark(Object(Config\Paths))
#13 {main}
CRITICAL - 2025-09-05 04:17:41 --> ErrorException: Undefined variable $stats
[Method: GET, Route: content-list]
in APPPATH\Views\admin\content-list.php on line 21.
 1 APPPATH\Views\admin\content-list.php(21): CodeIgniter\Debug\Exceptions->errorHandler(2, 'Undefined variable $stats', 'C:\\xampp\\htdocs\\Sejiwa\\app\\Views\\admin\\content-list.php', 21)
 2 SYSTEMPATH\View\View.php(226): include('C:\\xampp\\htdocs\\Sejiwa\\app\\Views\\admin\\content-list.php')
 3 SYSTEMPATH\View\View.php(229): CodeIgniter\View\View->CodeIgniter\View\{closure}()
 4 SYSTEMPATH\Common.php(1167): CodeIgniter\View\View->render('admin/content-list', [], true)
 5 APPPATH\Controllers\ContentController.php(14): view('admin/content-list')
 6 SYSTEMPATH\CodeIgniter.php(933): App\Controllers\ContentController->index()
 7 SYSTEMPATH\CodeIgniter.php(507): CodeIgniter\CodeIgniter->runController(Object(App\Controllers\ContentController))
 8 SYSTEMPATH\CodeIgniter.php(354): CodeIgniter\CodeIgniter->handleRequest(null, Object(Config\Cache), false)
 9 SYSTEMPATH\Boot.php(363): CodeIgniter\CodeIgniter->run()
10 SYSTEMPATH\Boot.php(68): CodeIgniter\Boot::runCodeIgniter(Object(CodeIgniter\CodeIgniter))
11 FCPATH\index.php(59): CodeIgniter\Boot::bootWeb(Object(Config\Paths))
12 SYSTEMPATH\rewrite.php(44): require_once('C:\\xampp\\htdocs\\Sejiwa\\public\\index.php')
CRITICAL - 2025-09-05 04:18:20 --> ErrorException: Undefined variable $stats
[Method: GET, Route: content-list]
in APPPATH\Views\admin\content-list.php on line 21.
 1 APPPATH\Views\admin\content-list.php(21): CodeIgniter\Debug\Exceptions->errorHandler(2, 'Undefined variable $stats', 'C:\\xampp\\htdocs\\Sejiwa\\app\\Views\\admin\\content-list.php', 21)
 2 SYSTEMPATH\View\View.php(226): include('C:\\xampp\\htdocs\\Sejiwa\\app\\Views\\admin\\content-list.php')
 3 SYSTEMPATH\View\View.php(229): CodeIgniter\View\View->CodeIgniter\View\{closure}()
 4 SYSTEMPATH\Common.php(1167): CodeIgniter\View\View->render('admin/content-list', [], true)
 5 APPPATH\Controllers\ContentController.php(14): view('admin/content-list')
 6 SYSTEMPATH\CodeIgniter.php(933): App\Controllers\ContentController->index()
 7 SYSTEMPATH\CodeIgniter.php(507): CodeIgniter\CodeIgniter->runController(Object(App\Controllers\ContentController))
 8 SYSTEMPATH\CodeIgniter.php(354): CodeIgniter\CodeIgniter->handleRequest(null, Object(Config\Cache), false)
 9 SYSTEMPATH\Boot.php(363): CodeIgniter\CodeIgniter->run()
10 SYSTEMPATH\Boot.php(68): CodeIgniter\Boot::runCodeIgniter(Object(CodeIgniter\CodeIgniter))
11 FCPATH\index.php(59): CodeIgniter\Boot::bootWeb(Object(Config\Paths))
12 SYSTEMPATH\rewrite.php(44): require_once('C:\\xampp\\htdocs\\Sejiwa\\public\\index.php')
CRITICAL - 2025-09-05 04:28:35 --> Error: Class "App\Models\PostModel" not found
[Method: GET, Route: content-management]
in APPPATH\Controllers\ContentController.php on line 14.
 1 SYSTEMPATH\CodeIgniter.php(933): App\Controllers\ContentController->index()
 2 SYSTEMPATH\CodeIgniter.php(507): CodeIgniter\CodeIgniter->runController(Object(App\Controllers\ContentController))
 3 SYSTEMPATH\CodeIgniter.php(354): CodeIgniter\CodeIgniter->handleRequest(null, Object(Config\Cache), false)
 4 SYSTEMPATH\Boot.php(363): CodeIgniter\CodeIgniter->run()
 5 SYSTEMPATH\Boot.php(68): CodeIgniter\Boot::runCodeIgniter(Object(CodeIgniter\CodeIgniter))
 6 FCPATH\index.php(59): CodeIgniter\Boot::bootWeb(Object(Config\Paths))
 7 SYSTEMPATH\rewrite.php(44): require_once('C:\\xampp\\htdocs\\Sejiwa\\public\\index.php')
CRITICAL - 2025-09-05 04:31:26 --> Error: Class "App\Models\ContentModel" not found
[Method: GET, Route: content-management]
in APPPATH\Controllers\ContentController.php on line 13.
 1 SYSTEMPATH\CodeIgniter.php(903): App\Controllers\ContentController->__construct()
 2 SYSTEMPATH\CodeIgniter.php(498): CodeIgniter\CodeIgniter->createController()
 3 SYSTEMPATH\CodeIgniter.php(354): CodeIgniter\CodeIgniter->handleRequest(null, Object(Config\Cache), false)
 4 SYSTEMPATH\Boot.php(363): CodeIgniter\CodeIgniter->run()
 5 SYSTEMPATH\Boot.php(68): CodeIgniter\Boot::runCodeIgniter(Object(CodeIgniter\CodeIgniter))
 6 FCPATH\index.php(59): CodeIgniter\Boot::bootWeb(Object(Config\Paths))
 7 SYSTEMPATH\rewrite.php(44): require_once('C:\\xampp\\htdocs\\Sejiwa\\public\\index.php')
ERROR - 2025-09-05 04:31:57 --> mysqli_sql_exception: Unknown column 'status' in 'where clause' in C:\xampp\htdocs\Sejiwa\system\Database\MySQLi\Connection.php:327
Stack trace:
#0 C:\xampp\htdocs\Sejiwa\system\Database\MySQLi\Connection.php(327): mysqli->query('SELECT COUNT(*)...', 0)
#1 C:\xampp\htdocs\Sejiwa\system\Database\BaseConnection.php(729): CodeIgniter\Database\MySQLi\Connection->execute('SELECT COUNT(*)...')
#2 C:\xampp\htdocs\Sejiwa\system\Database\BaseConnection.php(646): CodeIgniter\Database\BaseConnection->simpleQuery('SELECT COUNT(*)...')
#3 C:\xampp\htdocs\Sejiwa\system\Database\BaseBuilder.php(1733): CodeIgniter\Database\BaseConnection->query('SELECT COUNT(*)...', Array, false)
#4 C:\xampp\htdocs\Sejiwa\system\Model.php(675): CodeIgniter\Database\BaseBuilder->countAllResults(true)
#5 C:\xampp\htdocs\Sejiwa\app\Models\ContentModel.php(50): CodeIgniter\Model->countAllResults()
#6 C:\xampp\htdocs\Sejiwa\app\Controllers\ContentController.php(20): App\Models\ContentModel->getContentStats()
#7 C:\xampp\htdocs\Sejiwa\system\CodeIgniter.php(933): App\Controllers\ContentController->index()
#8 C:\xampp\htdocs\Sejiwa\system\CodeIgniter.php(507): CodeIgniter\CodeIgniter->runController(Object(App\Controllers\ContentController))
#9 C:\xampp\htdocs\Sejiwa\system\CodeIgniter.php(354): CodeIgniter\CodeIgniter->handleRequest(NULL, Object(Config\Cache), false)
#10 C:\xampp\htdocs\Sejiwa\system\Boot.php(363): CodeIgniter\CodeIgniter->run()
#11 C:\xampp\htdocs\Sejiwa\system\Boot.php(68): CodeIgniter\Boot::runCodeIgniter(Object(CodeIgniter\CodeIgniter))
#12 C:\xampp\htdocs\Sejiwa\public\index.php(59): CodeIgniter\Boot::bootWeb(Object(Config\Paths))
#13 C:\xampp\htdocs\Sejiwa\system\rewrite.php(44): require_once('C:\\xampp\\htdocs...')
#14 {main}
CRITICAL - 2025-09-05 04:31:57 --> CodeIgniter\Database\Exceptions\DatabaseException: Unknown column 'status' in 'where clause'
[Method: GET, Route: content-management]
in SYSTEMPATH\Database\BaseConnection.php on line 684.
 1 SYSTEMPATH\Database\BaseBuilder.php(1733): CodeIgniter\Database\BaseConnection->query('SELECT COUNT(*) AS `numrows`
FROM `contents`
WHERE `status` = :status:', [...], false)
 2 SYSTEMPATH\Model.php(675): CodeIgniter\Database\BaseBuilder->countAllResults(true)
 3 APPPATH\Models\ContentModel.php(50): CodeIgniter\Model->countAllResults()
 4 APPPATH\Controllers\ContentController.php(20): App\Models\ContentModel->getContentStats()
 5 SYSTEMPATH\CodeIgniter.php(933): App\Controllers\ContentController->index()
 6 SYSTEMPATH\CodeIgniter.php(507): CodeIgniter\CodeIgniter->runController(Object(App\Controllers\ContentController))
 7 SYSTEMPATH\CodeIgniter.php(354): CodeIgniter\CodeIgniter->handleRequest(null, Object(Config\Cache), false)
 8 SYSTEMPATH\Boot.php(363): CodeIgniter\CodeIgniter->run()
 9 SYSTEMPATH\Boot.php(68): CodeIgniter\Boot::runCodeIgniter(Object(CodeIgniter\CodeIgniter))
10 FCPATH\index.php(59): CodeIgniter\Boot::bootWeb(Object(Config\Paths))
11 SYSTEMPATH\rewrite.php(44): require_once('C:\\xampp\\htdocs\\Sejiwa\\public\\index.php')
CRITICAL - 2025-09-05 04:31:57 --> [Caused by] CodeIgniter\Database\Exceptions\DatabaseException: Unknown column 'status' in 'where clause'
in SYSTEMPATH\Database\MySQLi\Connection.php on line 332.
 1 SYSTEMPATH\Database\BaseConnection.php(729): CodeIgniter\Database\MySQLi\Connection->execute('SELECT COUNT(*) AS `numrows`
FROM `contents`
WHERE `status` = \'Publish\'')
 2 SYSTEMPATH\Database\BaseConnection.php(646): CodeIgniter\Database\BaseConnection->simpleQuery('SELECT COUNT(*) AS `numrows`
FROM `contents`
WHERE `status` = \'Publish\'')
 3 SYSTEMPATH\Database\BaseBuilder.php(1733): CodeIgniter\Database\BaseConnection->query('SELECT COUNT(*) AS `numrows`
FROM `contents`
WHERE `status` = :status:', [...], false)
 4 SYSTEMPATH\Model.php(675): CodeIgniter\Database\BaseBuilder->countAllResults(true)
 5 APPPATH\Models\ContentModel.php(50): CodeIgniter\Model->countAllResults()
 6 APPPATH\Controllers\ContentController.php(20): App\Models\ContentModel->getContentStats()
 7 SYSTEMPATH\CodeIgniter.php(933): App\Controllers\ContentController->index()
 8 SYSTEMPATH\CodeIgniter.php(507): CodeIgniter\CodeIgniter->runController(Object(App\Controllers\ContentController))
 9 SYSTEMPATH\CodeIgniter.php(354): CodeIgniter\CodeIgniter->handleRequest(null, Object(Config\Cache), false)
10 SYSTEMPATH\Boot.php(363): CodeIgniter\CodeIgniter->run()
11 SYSTEMPATH\Boot.php(68): CodeIgniter\Boot::runCodeIgniter(Object(CodeIgniter\CodeIgniter))
12 FCPATH\index.php(59): CodeIgniter\Boot::bootWeb(Object(Config\Paths))
13 SYSTEMPATH\rewrite.php(44): require_once('C:\\xampp\\htdocs\\Sejiwa\\public\\index.php')
CRITICAL - 2025-09-05 04:31:57 --> [Caused by] mysqli_sql_exception: Unknown column 'status' in 'where clause'
in SYSTEMPATH\Database\MySQLi\Connection.php on line 327.
 1 SYSTEMPATH\Database\MySQLi\Connection.php(327): mysqli->query('SELECT COUNT(*) AS `numrows`
FROM `contents`
WHERE `status` = \'Publish\'', 0)
 2 SYSTEMPATH\Database\BaseConnection.php(729): CodeIgniter\Database\MySQLi\Connection->execute('SELECT COUNT(*) AS `numrows`
FROM `contents`
WHERE `status` = \'Publish\'')
 3 SYSTEMPATH\Database\BaseConnection.php(646): CodeIgniter\Database\BaseConnection->simpleQuery('SELECT COUNT(*) AS `numrows`
FROM `contents`
WHERE `status` = \'Publish\'')
 4 SYSTEMPATH\Database\BaseBuilder.php(1733): CodeIgniter\Database\BaseConnection->query('SELECT COUNT(*) AS `numrows`
FROM `contents`
WHERE `status` = :status:', [...], false)
 5 SYSTEMPATH\Model.php(675): CodeIgniter\Database\BaseBuilder->countAllResults(true)
 6 APPPATH\Models\ContentModel.php(50): CodeIgniter\Model->countAllResults()
 7 APPPATH\Controllers\ContentController.php(20): App\Models\ContentModel->getContentStats()
 8 SYSTEMPATH\CodeIgniter.php(933): App\Controllers\ContentController->index()
 9 SYSTEMPATH\CodeIgniter.php(507): CodeIgniter\CodeIgniter->runController(Object(App\Controllers\ContentController))
10 SYSTEMPATH\CodeIgniter.php(354): CodeIgniter\CodeIgniter->handleRequest(null, Object(Config\Cache), false)
11 SYSTEMPATH\Boot.php(363): CodeIgniter\CodeIgniter->run()
12 SYSTEMPATH\Boot.php(68): CodeIgniter\Boot::runCodeIgniter(Object(CodeIgniter\CodeIgniter))
13 FCPATH\index.php(59): CodeIgniter\Boot::bootWeb(Object(Config\Paths))
14 SYSTEMPATH\rewrite.php(44): require_once('C:\\xampp\\htdocs\\Sejiwa\\public\\index.php')
ERROR - 2025-09-05 04:32:22 --> mysqli_sql_exception: Unknown column 'status' in 'where clause' in C:\xampp\htdocs\Sejiwa\system\Database\MySQLi\Connection.php:327
Stack trace:
#0 C:\xampp\htdocs\Sejiwa\system\Database\MySQLi\Connection.php(327): mysqli->query('SELECT COUNT(*)...', 0)
#1 C:\xampp\htdocs\Sejiwa\system\Database\BaseConnection.php(729): CodeIgniter\Database\MySQLi\Connection->execute('SELECT COUNT(*)...')
#2 C:\xampp\htdocs\Sejiwa\system\Database\BaseConnection.php(646): CodeIgniter\Database\BaseConnection->simpleQuery('SELECT COUNT(*)...')
#3 C:\xampp\htdocs\Sejiwa\system\Database\BaseBuilder.php(1733): CodeIgniter\Database\BaseConnection->query('SELECT COUNT(*)...', Array, false)
#4 C:\xampp\htdocs\Sejiwa\system\Model.php(675): CodeIgniter\Database\BaseBuilder->countAllResults(true)
#5 C:\xampp\htdocs\Sejiwa\app\Models\ContentModel.php(45): CodeIgniter\Model->countAllResults()
#6 C:\xampp\htdocs\Sejiwa\app\Controllers\ContentController.php(20): App\Models\ContentModel->getContentStats()
#7 C:\xampp\htdocs\Sejiwa\system\CodeIgniter.php(933): App\Controllers\ContentController->index()
#8 C:\xampp\htdocs\Sejiwa\system\CodeIgniter.php(507): CodeIgniter\CodeIgniter->runController(Object(App\Controllers\ContentController))
#9 C:\xampp\htdocs\Sejiwa\system\CodeIgniter.php(354): CodeIgniter\CodeIgniter->handleRequest(NULL, Object(Config\Cache), false)
#10 C:\xampp\htdocs\Sejiwa\system\Boot.php(363): CodeIgniter\CodeIgniter->run()
#11 C:\xampp\htdocs\Sejiwa\system\Boot.php(68): CodeIgniter\Boot::runCodeIgniter(Object(CodeIgniter\CodeIgniter))
#12 C:\xampp\htdocs\Sejiwa\public\index.php(59): CodeIgniter\Boot::bootWeb(Object(Config\Paths))
#13 C:\xampp\htdocs\Sejiwa\system\rewrite.php(44): require_once('C:\\xampp\\htdocs...')
#14 {main}
CRITICAL - 2025-09-05 04:32:22 --> CodeIgniter\Database\Exceptions\DatabaseException: Unknown column 'status' in 'where clause'
[Method: GET, Route: content-management]
in SYSTEMPATH\Database\BaseConnection.php on line 684.
 1 SYSTEMPATH\Database\BaseBuilder.php(1733): CodeIgniter\Database\BaseConnection->query('SELECT COUNT(*) AS `numrows`
FROM `contents`
WHERE `status` = :status:', [...], false)
 2 SYSTEMPATH\Model.php(675): CodeIgniter\Database\BaseBuilder->countAllResults(true)
 3 APPPATH\Models\ContentModel.php(45): CodeIgniter\Model->countAllResults()
 4 APPPATH\Controllers\ContentController.php(20): App\Models\ContentModel->getContentStats()
 5 SYSTEMPATH\CodeIgniter.php(933): App\Controllers\ContentController->index()
 6 SYSTEMPATH\CodeIgniter.php(507): CodeIgniter\CodeIgniter->runController(Object(App\Controllers\ContentController))
 7 SYSTEMPATH\CodeIgniter.php(354): CodeIgniter\CodeIgniter->handleRequest(null, Object(Config\Cache), false)
 8 SYSTEMPATH\Boot.php(363): CodeIgniter\CodeIgniter->run()
 9 SYSTEMPATH\Boot.php(68): CodeIgniter\Boot::runCodeIgniter(Object(CodeIgniter\CodeIgniter))
10 FCPATH\index.php(59): CodeIgniter\Boot::bootWeb(Object(Config\Paths))
11 SYSTEMPATH\rewrite.php(44): require_once('C:\\xampp\\htdocs\\Sejiwa\\public\\index.php')
CRITICAL - 2025-09-05 04:32:22 --> [Caused by] CodeIgniter\Database\Exceptions\DatabaseException: Unknown column 'status' in 'where clause'
in SYSTEMPATH\Database\MySQLi\Connection.php on line 332.
 1 SYSTEMPATH\Database\BaseConnection.php(729): CodeIgniter\Database\MySQLi\Connection->execute('SELECT COUNT(*) AS `numrows`
FROM `contents`
WHERE `status` = \'Publish\'')
 2 SYSTEMPATH\Database\BaseConnection.php(646): CodeIgniter\Database\BaseConnection->simpleQuery('SELECT COUNT(*) AS `numrows`
FROM `contents`
WHERE `status` = \'Publish\'')
 3 SYSTEMPATH\Database\BaseBuilder.php(1733): CodeIgniter\Database\BaseConnection->query('SELECT COUNT(*) AS `numrows`
FROM `contents`
WHERE `status` = :status:', [...], false)
 4 SYSTEMPATH\Model.php(675): CodeIgniter\Database\BaseBuilder->countAllResults(true)
 5 APPPATH\Models\ContentModel.php(45): CodeIgniter\Model->countAllResults()
 6 APPPATH\Controllers\ContentController.php(20): App\Models\ContentModel->getContentStats()
 7 SYSTEMPATH\CodeIgniter.php(933): App\Controllers\ContentController->index()
 8 SYSTEMPATH\CodeIgniter.php(507): CodeIgniter\CodeIgniter->runController(Object(App\Controllers\ContentController))
 9 SYSTEMPATH\CodeIgniter.php(354): CodeIgniter\CodeIgniter->handleRequest(null, Object(Config\Cache), false)
10 SYSTEMPATH\Boot.php(363): CodeIgniter\CodeIgniter->run()
11 SYSTEMPATH\Boot.php(68): CodeIgniter\Boot::runCodeIgniter(Object(CodeIgniter\CodeIgniter))
12 FCPATH\index.php(59): CodeIgniter\Boot::bootWeb(Object(Config\Paths))
13 SYSTEMPATH\rewrite.php(44): require_once('C:\\xampp\\htdocs\\Sejiwa\\public\\index.php')
CRITICAL - 2025-09-05 04:32:22 --> [Caused by] mysqli_sql_exception: Unknown column 'status' in 'where clause'
in SYSTEMPATH\Database\MySQLi\Connection.php on line 327.
 1 SYSTEMPATH\Database\MySQLi\Connection.php(327): mysqli->query('SELECT COUNT(*) AS `numrows`
FROM `contents`
WHERE `status` = \'Publish\'', 0)
 2 SYSTEMPATH\Database\BaseConnection.php(729): CodeIgniter\Database\MySQLi\Connection->execute('SELECT COUNT(*) AS `numrows`
FROM `contents`
WHERE `status` = \'Publish\'')
 3 SYSTEMPATH\Database\BaseConnection.php(646): CodeIgniter\Database\BaseConnection->simpleQuery('SELECT COUNT(*) AS `numrows`
FROM `contents`
WHERE `status` = \'Publish\'')
 4 SYSTEMPATH\Database\BaseBuilder.php(1733): CodeIgniter\Database\BaseConnection->query('SELECT COUNT(*) AS `numrows`
FROM `contents`
WHERE `status` = :status:', [...], false)
 5 SYSTEMPATH\Model.php(675): CodeIgniter\Database\BaseBuilder->countAllResults(true)
 6 APPPATH\Models\ContentModel.php(45): CodeIgniter\Model->countAllResults()
 7 APPPATH\Controllers\ContentController.php(20): App\Models\ContentModel->getContentStats()
 8 SYSTEMPATH\CodeIgniter.php(933): App\Controllers\ContentController->index()
 9 SYSTEMPATH\CodeIgniter.php(507): CodeIgniter\CodeIgniter->runController(Object(App\Controllers\ContentController))
10 SYSTEMPATH\CodeIgniter.php(354): CodeIgniter\CodeIgniter->handleRequest(null, Object(Config\Cache), false)
11 SYSTEMPATH\Boot.php(363): CodeIgniter\CodeIgniter->run()
12 SYSTEMPATH\Boot.php(68): CodeIgniter\Boot::runCodeIgniter(Object(CodeIgniter\CodeIgniter))
13 FCPATH\index.php(59): CodeIgniter\Boot::bootWeb(Object(Config\Paths))
14 SYSTEMPATH\rewrite.php(44): require_once('C:\\xampp\\htdocs\\Sejiwa\\public\\index.php')
ERROR - 2025-09-05 04:32:23 --> mysqli_sql_exception: Unknown column 'status' in 'where clause' in C:\xampp\htdocs\Sejiwa\system\Database\MySQLi\Connection.php:327
Stack trace:
#0 C:\xampp\htdocs\Sejiwa\system\Database\MySQLi\Connection.php(327): mysqli->query('SELECT COUNT(*)...', 0)
#1 C:\xampp\htdocs\Sejiwa\system\Database\BaseConnection.php(729): CodeIgniter\Database\MySQLi\Connection->execute('SELECT COUNT(*)...')
#2 C:\xampp\htdocs\Sejiwa\system\Database\BaseConnection.php(646): CodeIgniter\Database\BaseConnection->simpleQuery('SELECT COUNT(*)...')
#3 C:\xampp\htdocs\Sejiwa\system\Database\BaseBuilder.php(1733): CodeIgniter\Database\BaseConnection->query('SELECT COUNT(*)...', Array, false)
#4 C:\xampp\htdocs\Sejiwa\system\Model.php(675): CodeIgniter\Database\BaseBuilder->countAllResults(true)
#5 C:\xampp\htdocs\Sejiwa\app\Models\ContentModel.php(45): CodeIgniter\Model->countAllResults()
#6 C:\xampp\htdocs\Sejiwa\app\Controllers\ContentController.php(20): App\Models\ContentModel->getContentStats()
#7 C:\xampp\htdocs\Sejiwa\system\CodeIgniter.php(933): App\Controllers\ContentController->index()
#8 C:\xampp\htdocs\Sejiwa\system\CodeIgniter.php(507): CodeIgniter\CodeIgniter->runController(Object(App\Controllers\ContentController))
#9 C:\xampp\htdocs\Sejiwa\system\CodeIgniter.php(354): CodeIgniter\CodeIgniter->handleRequest(NULL, Object(Config\Cache), false)
#10 C:\xampp\htdocs\Sejiwa\system\Boot.php(363): CodeIgniter\CodeIgniter->run()
#11 C:\xampp\htdocs\Sejiwa\system\Boot.php(68): CodeIgniter\Boot::runCodeIgniter(Object(CodeIgniter\CodeIgniter))
#12 C:\xampp\htdocs\Sejiwa\public\index.php(59): CodeIgniter\Boot::bootWeb(Object(Config\Paths))
#13 C:\xampp\htdocs\Sejiwa\system\rewrite.php(44): require_once('C:\\xampp\\htdocs...')
#14 {main}
CRITICAL - 2025-09-05 04:32:23 --> CodeIgniter\Database\Exceptions\DatabaseException: Unknown column 'status' in 'where clause'
[Method: GET, Route: content-management]
in SYSTEMPATH\Database\BaseConnection.php on line 684.
 1 SYSTEMPATH\Database\BaseBuilder.php(1733): CodeIgniter\Database\BaseConnection->query('SELECT COUNT(*) AS `numrows`
FROM `contents`
WHERE `status` = :status:', [...], false)
 2 SYSTEMPATH\Model.php(675): CodeIgniter\Database\BaseBuilder->countAllResults(true)
 3 APPPATH\Models\ContentModel.php(45): CodeIgniter\Model->countAllResults()
 4 APPPATH\Controllers\ContentController.php(20): App\Models\ContentModel->getContentStats()
 5 SYSTEMPATH\CodeIgniter.php(933): App\Controllers\ContentController->index()
 6 SYSTEMPATH\CodeIgniter.php(507): CodeIgniter\CodeIgniter->runController(Object(App\Controllers\ContentController))
 7 SYSTEMPATH\CodeIgniter.php(354): CodeIgniter\CodeIgniter->handleRequest(null, Object(Config\Cache), false)
 8 SYSTEMPATH\Boot.php(363): CodeIgniter\CodeIgniter->run()
 9 SYSTEMPATH\Boot.php(68): CodeIgniter\Boot::runCodeIgniter(Object(CodeIgniter\CodeIgniter))
10 FCPATH\index.php(59): CodeIgniter\Boot::bootWeb(Object(Config\Paths))
11 SYSTEMPATH\rewrite.php(44): require_once('C:\\xampp\\htdocs\\Sejiwa\\public\\index.php')
CRITICAL - 2025-09-05 04:32:23 --> [Caused by] CodeIgniter\Database\Exceptions\DatabaseException: Unknown column 'status' in 'where clause'
in SYSTEMPATH\Database\MySQLi\Connection.php on line 332.
 1 SYSTEMPATH\Database\BaseConnection.php(729): CodeIgniter\Database\MySQLi\Connection->execute('SELECT COUNT(*) AS `numrows`
FROM `contents`
WHERE `status` = \'Publish\'')
 2 SYSTEMPATH\Database\BaseConnection.php(646): CodeIgniter\Database\BaseConnection->simpleQuery('SELECT COUNT(*) AS `numrows`
FROM `contents`
WHERE `status` = \'Publish\'')
 3 SYSTEMPATH\Database\BaseBuilder.php(1733): CodeIgniter\Database\BaseConnection->query('SELECT COUNT(*) AS `numrows`
FROM `contents`
WHERE `status` = :status:', [...], false)
 4 SYSTEMPATH\Model.php(675): CodeIgniter\Database\BaseBuilder->countAllResults(true)
 5 APPPATH\Models\ContentModel.php(45): CodeIgniter\Model->countAllResults()
 6 APPPATH\Controllers\ContentController.php(20): App\Models\ContentModel->getContentStats()
 7 SYSTEMPATH\CodeIgniter.php(933): App\Controllers\ContentController->index()
 8 SYSTEMPATH\CodeIgniter.php(507): CodeIgniter\CodeIgniter->runController(Object(App\Controllers\ContentController))
 9 SYSTEMPATH\CodeIgniter.php(354): CodeIgniter\CodeIgniter->handleRequest(null, Object(Config\Cache), false)
10 SYSTEMPATH\Boot.php(363): CodeIgniter\CodeIgniter->run()
11 SYSTEMPATH\Boot.php(68): CodeIgniter\Boot::runCodeIgniter(Object(CodeIgniter\CodeIgniter))
12 FCPATH\index.php(59): CodeIgniter\Boot::bootWeb(Object(Config\Paths))
13 SYSTEMPATH\rewrite.php(44): require_once('C:\\xampp\\htdocs\\Sejiwa\\public\\index.php')
CRITICAL - 2025-09-05 04:32:23 --> [Caused by] mysqli_sql_exception: Unknown column 'status' in 'where clause'
in SYSTEMPATH\Database\MySQLi\Connection.php on line 327.
 1 SYSTEMPATH\Database\MySQLi\Connection.php(327): mysqli->query('SELECT COUNT(*) AS `numrows`
FROM `contents`
WHERE `status` = \'Publish\'', 0)
 2 SYSTEMPATH\Database\BaseConnection.php(729): CodeIgniter\Database\MySQLi\Connection->execute('SELECT COUNT(*) AS `numrows`
FROM `contents`
WHERE `status` = \'Publish\'')
 3 SYSTEMPATH\Database\BaseConnection.php(646): CodeIgniter\Database\BaseConnection->simpleQuery('SELECT COUNT(*) AS `numrows`
FROM `contents`
WHERE `status` = \'Publish\'')
 4 SYSTEMPATH\Database\BaseBuilder.php(1733): CodeIgniter\Database\BaseConnection->query('SELECT COUNT(*) AS `numrows`
FROM `contents`
WHERE `status` = :status:', [...], false)
 5 SYSTEMPATH\Model.php(675): CodeIgniter\Database\BaseBuilder->countAllResults(true)
 6 APPPATH\Models\ContentModel.php(45): CodeIgniter\Model->countAllResults()
 7 APPPATH\Controllers\ContentController.php(20): App\Models\ContentModel->getContentStats()
 8 SYSTEMPATH\CodeIgniter.php(933): App\Controllers\ContentController->index()
 9 SYSTEMPATH\CodeIgniter.php(507): CodeIgniter\CodeIgniter->runController(Object(App\Controllers\ContentController))
10 SYSTEMPATH\CodeIgniter.php(354): CodeIgniter\CodeIgniter->handleRequest(null, Object(Config\Cache), false)
11 SYSTEMPATH\Boot.php(363): CodeIgniter\CodeIgniter->run()
12 SYSTEMPATH\Boot.php(68): CodeIgniter\Boot::runCodeIgniter(Object(CodeIgniter\CodeIgniter))
13 FCPATH\index.php(59): CodeIgniter\Boot::bootWeb(Object(Config\Paths))
14 SYSTEMPATH\rewrite.php(44): require_once('C:\\xampp\\htdocs\\Sejiwa\\public\\index.php')
ERROR - 2025-09-05 04:34:25 --> mysqli_sql_exception: Unknown column 'body' in 'contents' in C:\xampp\htdocs\Sejiwa\system\Database\MySQLi\Connection.php:327
Stack trace:
#0 C:\xampp\htdocs\Sejiwa\system\Database\MySQLi\Connection.php(327): mysqli->query('ALTER TABLE `co...', 0)
#1 C:\xampp\htdocs\Sejiwa\system\Database\BaseConnection.php(729): CodeIgniter\Database\MySQLi\Connection->execute('ALTER TABLE `co...')
#2 C:\xampp\htdocs\Sejiwa\system\Database\BaseConnection.php(646): CodeIgniter\Database\BaseConnection->simpleQuery('ALTER TABLE `co...')
#3 C:\xampp\htdocs\Sejiwa\system\Database\Forge.php(772): CodeIgniter\Database\BaseConnection->query('ALTER TABLE `co...')
#4 C:\xampp\htdocs\Sejiwa\app\Database\Migrations\2025-09-05-113301_AddStatusToContent.php(11): CodeIgniter\Database\Forge->addColumn('contents', Array)
#5 C:\xampp\htdocs\Sejiwa\system\Database\MigrationRunner.php(876): App\Database\Migrations\AddStatusToContents->up()
#6 C:\xampp\htdocs\Sejiwa\system\Database\MigrationRunner.php(182): CodeIgniter\Database\MigrationRunner->migrate('up', Object(stdClass))
#7 C:\xampp\htdocs\Sejiwa\system\Commands\Database\Migrate.php(85): CodeIgniter\Database\MigrationRunner->latest(NULL)
#8 C:\xampp\htdocs\Sejiwa\system\CLI\Commands.php(74): CodeIgniter\Commands\Database\Migrate->run(Array)
#9 C:\xampp\htdocs\Sejiwa\system\CLI\Console.php(47): CodeIgniter\CLI\Commands->run('migrate', Array)
#10 C:\xampp\htdocs\Sejiwa\system\Boot.php(388): CodeIgniter\CLI\Console->run()
#11 C:\xampp\htdocs\Sejiwa\system\Boot.php(133): CodeIgniter\Boot::runCommand(Object(CodeIgniter\CLI\Console))
#12 C:\xampp\htdocs\Sejiwa\spark(87): CodeIgniter\Boot::bootSpark(Object(Config\Paths))
#13 {main}
ERROR - 2025-09-05 04:36:49 --> mysqli_sql_exception: Table 'sejiwa.contents' doesn't exist in C:\xampp\htdocs\Sejiwa\system\Database\MySQLi\Connection.php:327
Stack trace:
#0 C:\xampp\htdocs\Sejiwa\system\Database\MySQLi\Connection.php(327): mysqli->query('ALTER TABLE `co...', 0)
#1 C:\xampp\htdocs\Sejiwa\system\Database\BaseConnection.php(729): CodeIgniter\Database\MySQLi\Connection->execute('ALTER TABLE `co...')
#2 C:\xampp\htdocs\Sejiwa\system\Database\BaseConnection.php(646): CodeIgniter\Database\BaseConnection->simpleQuery('ALTER TABLE `co...')
#3 C:\xampp\htdocs\Sejiwa\system\Database\Forge.php(772): CodeIgniter\Database\BaseConnection->query('ALTER TABLE `co...')
#4 C:\xampp\htdocs\Sejiwa\app\Database\Migrations\2025-09-05-113301_AddStatusToContent.php(11): CodeIgniter\Database\Forge->addColumn('contents', Array)
#5 C:\xampp\htdocs\Sejiwa\system\Database\MigrationRunner.php(876): App\Database\Migrations\UpdateContentsTable->up()
#6 C:\xampp\htdocs\Sejiwa\system\Database\MigrationRunner.php(182): CodeIgniter\Database\MigrationRunner->migrate('up', Object(stdClass))
#7 C:\xampp\htdocs\Sejiwa\system\Commands\Database\Migrate.php(85): CodeIgniter\Database\MigrationRunner->latest(NULL)
#8 C:\xampp\htdocs\Sejiwa\system\CLI\Commands.php(74): CodeIgniter\Commands\Database\Migrate->run(Array)
#9 C:\xampp\htdocs\Sejiwa\system\CLI\Console.php(47): CodeIgniter\CLI\Commands->run('migrate', Array)
#10 C:\xampp\htdocs\Sejiwa\system\Boot.php(388): CodeIgniter\CLI\Console->run()
#11 C:\xampp\htdocs\Sejiwa\system\Boot.php(133): CodeIgniter\Boot::runCommand(Object(CodeIgniter\CLI\Console))
#12 C:\xampp\htdocs\Sejiwa\spark(87): CodeIgniter\Boot::bootSpark(Object(Config\Paths))
#13 {main}
ERROR - 2025-09-05 04:37:51 --> mysqli_sql_exception: Table 'sejiwa.contents' doesn't exist in C:\xampp\htdocs\Sejiwa\system\Database\MySQLi\Connection.php:327
Stack trace:
#0 C:\xampp\htdocs\Sejiwa\system\Database\MySQLi\Connection.php(327): mysqli->query('ALTER TABLE `co...', 0)
#1 C:\xampp\htdocs\Sejiwa\system\Database\BaseConnection.php(729): CodeIgniter\Database\MySQLi\Connection->execute('ALTER TABLE `co...')
#2 C:\xampp\htdocs\Sejiwa\system\Database\BaseConnection.php(646): CodeIgniter\Database\BaseConnection->simpleQuery('ALTER TABLE `co...')
#3 C:\xampp\htdocs\Sejiwa\system\Database\Forge.php(772): CodeIgniter\Database\BaseConnection->query('ALTER TABLE `co...')
#4 C:\xampp\htdocs\Sejiwa\app\Database\Migrations\2025-09-05-113305_AddStatusToContent.php(11): CodeIgniter\Database\Forge->addColumn('contents', Array)
#5 C:\xampp\htdocs\Sejiwa\system\Database\MigrationRunner.php(876): App\Database\Migrations\UpdateContentsTable->up()
#6 C:\xampp\htdocs\Sejiwa\system\Database\MigrationRunner.php(182): CodeIgniter\Database\MigrationRunner->migrate('up', Object(stdClass))
#7 C:\xampp\htdocs\Sejiwa\system\Commands\Database\Migrate.php(85): CodeIgniter\Database\MigrationRunner->latest(NULL)
#8 C:\xampp\htdocs\Sejiwa\system\CLI\Commands.php(74): CodeIgniter\Commands\Database\Migrate->run(Array)
#9 C:\xampp\htdocs\Sejiwa\system\CLI\Console.php(47): CodeIgniter\CLI\Commands->run('migrate', Array)
#10 C:\xampp\htdocs\Sejiwa\system\Boot.php(388): CodeIgniter\CLI\Console->run()
#11 C:\xampp\htdocs\Sejiwa\system\Boot.php(133): CodeIgniter\Boot::runCommand(Object(CodeIgniter\CLI\Console))
#12 C:\xampp\htdocs\Sejiwa\spark(87): CodeIgniter\Boot::bootSpark(Object(Config\Paths))
#13 {main}
CRITICAL - 2025-09-05 04:40:13 --> CodeIgniter\View\Exceptions\ViewException: Invalid file: "admin/content-management.php"
[Method: GET, Route: content-management]
in SYSTEMPATH\Exceptions\FrameworkException.php on line 39.
 1 SYSTEMPATH\View\View.php(214): CodeIgniter\Exceptions\FrameworkException::forInvalidFile('admin/content-management.php')
 2 SYSTEMPATH\Common.php(1167): CodeIgniter\View\View->render('admin/content-management', [], true)
 3 APPPATH\Controllers\ContentController.php(23): view('admin/content-management', [...])
 4 SYSTEMPATH\CodeIgniter.php(933): App\Controllers\ContentController->index()
 5 SYSTEMPATH\CodeIgniter.php(507): CodeIgniter\CodeIgniter->runController(Object(App\Controllers\ContentController))
 6 SYSTEMPATH\CodeIgniter.php(354): CodeIgniter\CodeIgniter->handleRequest(null, Object(Config\Cache), false)
 7 SYSTEMPATH\Boot.php(363): CodeIgniter\CodeIgniter->run()
 8 SYSTEMPATH\Boot.php(68): CodeIgniter\Boot::runCodeIgniter(Object(CodeIgniter\CodeIgniter))
 9 FCPATH\index.php(59): CodeIgniter\Boot::bootWeb(Object(Config\Paths))
10 SYSTEMPATH\rewrite.php(44): require_once('C:\\xampp\\htdocs\\Sejiwa\\public\\index.php')
CRITICAL - 2025-09-05 05:56:38 --> CodeIgniter\View\Exceptions\ViewException: Invalid file: "admin/content_form.php"
[Method: GET, Route: content/content_form]
in SYSTEMPATH\Exceptions\FrameworkException.php on line 39.
 1 SYSTEMPATH\View\View.php(214): CodeIgniter\Exceptions\FrameworkException::forInvalidFile('admin/content_form.php')
 2 SYSTEMPATH\Common.php(1167): CodeIgniter\View\View->render('admin/content_form', [], true)
 3 APPPATH\Controllers\ContentController.php(28): view('admin/content_form')
 4 SYSTEMPATH\CodeIgniter.php(933): App\Controllers\ContentController->create()
 5 SYSTEMPATH\CodeIgniter.php(507): CodeIgniter\CodeIgniter->runController(Object(App\Controllers\ContentController))
 6 SYSTEMPATH\CodeIgniter.php(354): CodeIgniter\CodeIgniter->handleRequest(null, Object(Config\Cache), false)
 7 SYSTEMPATH\Boot.php(363): CodeIgniter\CodeIgniter->run()
 8 SYSTEMPATH\Boot.php(68): CodeIgniter\Boot::runCodeIgniter(Object(CodeIgniter\CodeIgniter))
 9 FCPATH\index.php(59): CodeIgniter\Boot::bootWeb(Object(Config\Paths))
10 SYSTEMPATH\rewrite.php(44): require_once('C:\\xampp\\htdocs\\Sejiwa\\public\\index.php')
