DEBUG - 2025-09-17 05:14:02 --> Session: Class initialized using 'CodeIgniter\Session\Handlers\FileHandler' driver.
DEBUG - 2025-09-17 05:14:47 --> Session: Class initialized using 'CodeIgniter\Session\Handlers\FileHandler' driver.
DEBUG - 2025-09-17 05:15:18 --> Session: Class initialized using 'CodeIgniter\Session\Handlers\FileHandler' driver.
DEBUG - 2025-09-17 05:15:32 --> Session: Class initialized using 'CodeIgniter\Session\Handlers\FileHandler' driver.
DEBUG - 2025-09-17 05:15:32 --> Session: Class initialized using 'CodeIgniter\Session\Handlers\FileHandler' driver.
DEBUG - 2025-09-17 05:15:34 --> Session: Class initialized using 'CodeIgniter\Session\Handlers\FileHandler' driver.
DEBUG - 2025-09-17 05:15:40 --> Session: Class initialized using 'CodeIgniter\Session\Handlers\FileHandler' driver.
DEBUG - 2025-09-17 05:15:43 --> Session: Class initialized using 'CodeIgniter\Session\Handlers\FileHandler' driver.
DEBUG - 2025-09-17 05:15:52 --> Session: Class initialized using 'CodeIgniter\Session\Handlers\FileHandler' driver.
DEBUG - 2025-09-17 05:16:04 --> Session: Class initialized using 'CodeIgniter\Session\Handlers\FileHandler' driver.
DEBUG - 2025-09-17 05:16:05 --> Session: Class initialized using 'CodeIgniter\Session\Handlers\FileHandler' driver.
DEBUG - 2025-09-17 05:16:28 --> Session: Class initialized using 'CodeIgniter\Session\Handlers\FileHandler' driver.
DEBUG - 2025-09-17 05:16:53 --> Session: Class initialized using 'CodeIgniter\Session\Handlers\FileHandler' driver.
DEBUG - 2025-09-17 05:16:56 --> Session: Class initialized using 'CodeIgniter\Session\Handlers\FileHandler' driver.
DEBUG - 2025-09-17 05:17:10 --> Chunk 1 berhasil disimpan
DEBUG - 2025-09-17 05:17:10 --> Chunk 1 berhasil digabung
DEBUG - 2025-09-17 05:17:10 --> File final berhasil dibuat: C:\xampp\htdocs\sejiwa\writable\uploads/final/2025-04-12 22-13-25.mkv
DEBUG - 2025-09-17 05:17:12 --> Session: Class initialized using 'CodeIgniter\Session\Handlers\FileHandler' driver.
DEBUG - 2025-09-17 05:17:18 --> Session: Class initialized using 'CodeIgniter\Session\Handlers\FileHandler' driver.
DEBUG - 2025-09-17 05:17:48 --> Session: Class initialized using 'CodeIgniter\Session\Handlers\FileHandler' driver.
DEBUG - 2025-09-17 05:18:01 --> Session: Class initialized using 'CodeIgniter\Session\Handlers\FileHandler' driver.
DEBUG - 2025-09-17 05:18:04 --> Session: Class initialized using 'CodeIgniter\Session\Handlers\FileHandler' driver.
DEBUG - 2025-09-17 05:18:07 --> Session: Class initialized using 'CodeIgniter\Session\Handlers\FileHandler' driver.
DEBUG - 2025-09-17 05:18:11 --> Session: Class initialized using 'CodeIgniter\Session\Handlers\FileHandler' driver.
DEBUG - 2025-09-17 05:18:11 --> Session: Class initialized using 'CodeIgniter\Session\Handlers\FileHandler' driver.
DEBUG - 2025-09-17 05:18:13 --> Session: Class initialized using 'CodeIgniter\Session\Handlers\FileHandler' driver.
DEBUG - 2025-09-17 05:18:13 --> Session: Class initialized using 'CodeIgniter\Session\Handlers\FileHandler' driver.
DEBUG - 2025-09-17 05:18:15 --> Session: Class initialized using 'CodeIgniter\Session\Handlers\FileHandler' driver.
DEBUG - 2025-09-17 05:18:15 --> Session: Class initialized using 'CodeIgniter\Session\Handlers\FileHandler' driver.
DEBUG - 2025-09-17 05:18:17 --> Session: Class initialized using 'CodeIgniter\Session\Handlers\FileHandler' driver.
DEBUG - 2025-09-17 05:18:17 --> Session: Class initialized using 'CodeIgniter\Session\Handlers\FileHandler' driver.
DEBUG - 2025-09-17 05:18:19 --> Session: Class initialized using 'CodeIgniter\Session\Handlers\FileHandler' driver.
DEBUG - 2025-09-17 05:18:19 --> Session: Class initialized using 'CodeIgniter\Session\Handlers\FileHandler' driver.
DEBUG - 2025-09-17 05:18:21 --> Session: Class initialized using 'CodeIgniter\Session\Handlers\FileHandler' driver.
DEBUG - 2025-09-17 05:18:26 --> Session: Class initialized using 'CodeIgniter\Session\Handlers\FileHandler' driver.
DEBUG - 2025-09-17 05:18:27 --> Session: Class initialized using 'CodeIgniter\Session\Handlers\FileHandler' driver.
DEBUG - 2025-09-17 05:18:28 --> Session: Class initialized using 'CodeIgniter\Session\Handlers\FileHandler' driver.
DEBUG - 2025-09-17 05:18:28 --> Session: Class initialized using 'CodeIgniter\Session\Handlers\FileHandler' driver.
DEBUG - 2025-09-17 05:18:30 --> Session: Class initialized using 'CodeIgniter\Session\Handlers\FileHandler' driver.
DEBUG - 2025-09-17 05:18:31 --> Session: Class initialized using 'CodeIgniter\Session\Handlers\FileHandler' driver.
DEBUG - 2025-09-17 05:18:36 --> Session: Class initialized using 'CodeIgniter\Session\Handlers\FileHandler' driver.
DEBUG - 2025-09-17 05:18:36 --> Session: Class initialized using 'CodeIgniter\Session\Handlers\FileHandler' driver.
DEBUG - 2025-09-17 05:18:43 --> Session: Class initialized using 'CodeIgniter\Session\Handlers\FileHandler' driver.
DEBUG - 2025-09-17 05:18:50 --> Session: Class initialized using 'CodeIgniter\Session\Handlers\FileHandler' driver.
DEBUG - 2025-09-17 05:18:52 --> Session: Class initialized using 'CodeIgniter\Session\Handlers\FileHandler' driver.
DEBUG - 2025-09-17 05:18:53 --> Session: Class initialized using 'CodeIgniter\Session\Handlers\FileHandler' driver.
DEBUG - 2025-09-17 05:18:53 --> Session: Class initialized using 'CodeIgniter\Session\Handlers\FileHandler' driver.
DEBUG - 2025-09-17 05:18:54 --> Session: Class initialized using 'CodeIgniter\Session\Handlers\FileHandler' driver.
DEBUG - 2025-09-17 05:18:56 --> Session: Class initialized using 'CodeIgniter\Session\Handlers\FileHandler' driver.
DEBUG - 2025-09-17 05:18:57 --> Session: Class initialized using 'CodeIgniter\Session\Handlers\FileHandler' driver.
DEBUG - 2025-09-17 05:18:58 --> Session: Class initialized using 'CodeIgniter\Session\Handlers\FileHandler' driver.
DEBUG - 2025-09-17 05:19:34 --> Session: Class initialized using 'CodeIgniter\Session\Handlers\FileHandler' driver.
DEBUG - 2025-09-17 05:19:40 --> Session: Class initialized using 'CodeIgniter\Session\Handlers\FileHandler' driver.
DEBUG - 2025-09-17 05:19:40 --> Session: Class initialized using 'CodeIgniter\Session\Handlers\FileHandler' driver.
DEBUG - 2025-09-17 05:19:48 --> Session: Class initialized using 'CodeIgniter\Session\Handlers\FileHandler' driver.
DEBUG - 2025-09-17 05:25:06 --> Session: Class initialized using 'CodeIgniter\Session\Handlers\FileHandler' driver.
DEBUG - 2025-09-17 05:26:26 --> Session: Class initialized using 'CodeIgniter\Session\Handlers\FileHandler' driver.
DEBUG - 2025-09-17 05:28:00 --> Session: Class initialized using 'CodeIgniter\Session\Handlers\FileHandler' driver.
CRITICAL - 2025-09-17 05:28:00 --> ErrorException: Undefined array key "video_url"
[Method: GET, Route: content/view/8]
in APPPATH\Views\user\content_detail.php on line 62.
 1 APPPATH\Views\user\content_detail.php(62): CodeIgniter\Debug\Exceptions->errorHandler(2, 'Undefined array key "video_url"', 'C:\\xampp\\htdocs\\sejiwa\\app\\Views\\user\\content_detail.php', 62)
 2 SYSTEMPATH\View\View.php(226): include('C:\\xampp\\htdocs\\sejiwa\\app\\Views\\user\\content_detail.php')
 3 SYSTEMPATH\View\View.php(229): CodeIgniter\View\View->{closure:CodeIgniter\View\View::render():223}()
 4 SYSTEMPATH\Common.php(1167): CodeIgniter\View\View->render('user/content_detail', [], true)
 5 APPPATH\Controllers\ContentController.php(153): view('user/content_detail', [...])
 6 SYSTEMPATH\CodeIgniter.php(933): App\Controllers\ContentController->view('8')
 7 SYSTEMPATH\CodeIgniter.php(507): CodeIgniter\CodeIgniter->runController(Object(App\Controllers\ContentController))
 8 SYSTEMPATH\CodeIgniter.php(354): CodeIgniter\CodeIgniter->handleRequest(null, Object(Config\Cache), false)
 9 SYSTEMPATH\Boot.php(363): CodeIgniter\CodeIgniter->run()
10 SYSTEMPATH\Boot.php(68): CodeIgniter\Boot::runCodeIgniter(Object(CodeIgniter\CodeIgniter))
11 FCPATH\index.php(59): CodeIgniter\Boot::bootWeb(Object(Config\Paths))
12 SYSTEMPATH\rewrite.php(44): require_once('C:\\xampp\\htdocs\\sejiwa\\public\\index.php')
DEBUG - 2025-09-17 05:29:59 --> Session: Class initialized using 'CodeIgniter\Session\Handlers\FileHandler' driver.
DEBUG - 2025-09-17 05:30:04 --> Session: Class initialized using 'CodeIgniter\Session\Handlers\FileHandler' driver.
DEBUG - 2025-09-17 05:30:10 --> Session: Class initialized using 'CodeIgniter\Session\Handlers\FileHandler' driver.
DEBUG - 2025-09-17 05:31:05 --> Session: Class initialized using 'CodeIgniter\Session\Handlers\FileHandler' driver.
DEBUG - 2025-09-17 05:31:57 --> Session: Class initialized using 'CodeIgniter\Session\Handlers\FileHandler' driver.
DEBUG - 2025-09-17 05:32:28 --> Session: Class initialized using 'CodeIgniter\Session\Handlers\FileHandler' driver.
DEBUG - 2025-09-17 05:32:34 --> Session: Class initialized using 'CodeIgniter\Session\Handlers\FileHandler' driver.
DEBUG - 2025-09-17 05:32:40 --> Session: Class initialized using 'CodeIgniter\Session\Handlers\FileHandler' driver.
DEBUG - 2025-09-17 05:32:46 --> Session: Class initialized using 'CodeIgniter\Session\Handlers\FileHandler' driver.
DEBUG - 2025-09-17 05:32:54 --> Session: Class initialized using 'CodeIgniter\Session\Handlers\FileHandler' driver.
DEBUG - 2025-09-17 05:33:15 --> Session: Class initialized using 'CodeIgniter\Session\Handlers\FileHandler' driver.
DEBUG - 2025-09-17 05:33:31 --> Session: Class initialized using 'CodeIgniter\Session\Handlers\FileHandler' driver.
DEBUG - 2025-09-17 05:33:54 --> Session: Class initialized using 'CodeIgniter\Session\Handlers\FileHandler' driver.
DEBUG - 2025-09-17 05:34:18 --> Session: Class initialized using 'CodeIgniter\Session\Handlers\FileHandler' driver.
DEBUG - 2025-09-17 05:34:22 --> Session: Class initialized using 'CodeIgniter\Session\Handlers\FileHandler' driver.
DEBUG - 2025-09-17 05:34:43 --> Session: Class initialized using 'CodeIgniter\Session\Handlers\FileHandler' driver.
DEBUG - 2025-09-17 05:35:32 --> Session: Class initialized using 'CodeIgniter\Session\Handlers\FileHandler' driver.
DEBUG - 2025-09-17 05:35:37 --> Session: Class initialized using 'CodeIgniter\Session\Handlers\FileHandler' driver.
DEBUG - 2025-09-17 05:35:51 --> Session: Class initialized using 'CodeIgniter\Session\Handlers\FileHandler' driver.
DEBUG - 2025-09-17 05:36:00 --> Session: Class initialized using 'CodeIgniter\Session\Handlers\FileHandler' driver.
DEBUG - 2025-09-17 05:36:16 --> Session: Class initialized using 'CodeIgniter\Session\Handlers\FileHandler' driver.
DEBUG - 2025-09-17 05:36:25 --> Session: Class initialized using 'CodeIgniter\Session\Handlers\FileHandler' driver.
DEBUG - 2025-09-17 05:36:34 --> Session: Class initialized using 'CodeIgniter\Session\Handlers\FileHandler' driver.
DEBUG - 2025-09-17 05:36:44 --> Session: Class initialized using 'CodeIgniter\Session\Handlers\FileHandler' driver.
DEBUG - 2025-09-17 05:36:56 --> Session: Class initialized using 'CodeIgniter\Session\Handlers\FileHandler' driver.
DEBUG - 2025-09-17 05:37:13 --> Session: Class initialized using 'CodeIgniter\Session\Handlers\FileHandler' driver.
DEBUG - 2025-09-17 05:37:15 --> Session: Class initialized using 'CodeIgniter\Session\Handlers\FileHandler' driver.
DEBUG - 2025-09-17 05:37:19 --> Session: Class initialized using 'CodeIgniter\Session\Handlers\FileHandler' driver.
DEBUG - 2025-09-17 05:37:40 --> Session: Class initialized using 'CodeIgniter\Session\Handlers\FileHandler' driver.
DEBUG - 2025-09-17 05:38:07 --> Session: Class initialized using 'CodeIgniter\Session\Handlers\FileHandler' driver.
DEBUG - 2025-09-17 05:38:09 --> Session: Class initialized using 'CodeIgniter\Session\Handlers\FileHandler' driver.
DEBUG - 2025-09-17 05:38:16 --> Session: Class initialized using 'CodeIgniter\Session\Handlers\FileHandler' driver.
DEBUG - 2025-09-17 05:38:22 --> Session: Class initialized using 'CodeIgniter\Session\Handlers\FileHandler' driver.
DEBUG - 2025-09-17 05:39:11 --> Session: Class initialized using 'CodeIgniter\Session\Handlers\FileHandler' driver.
DEBUG - 2025-09-17 05:39:14 --> Session: Class initialized using 'CodeIgniter\Session\Handlers\FileHandler' driver.
DEBUG - 2025-09-17 05:39:58 --> Session: Class initialized using 'CodeIgniter\Session\Handlers\FileHandler' driver.
DEBUG - 2025-09-17 05:42:04 --> Session: Class initialized using 'CodeIgniter\Session\Handlers\FileHandler' driver.
DEBUG - 2025-09-17 05:42:07 --> Session: Class initialized using 'CodeIgniter\Session\Handlers\FileHandler' driver.
DEBUG - 2025-09-17 05:42:11 --> Session: Class initialized using 'CodeIgniter\Session\Handlers\FileHandler' driver.
DEBUG - 2025-09-17 05:43:13 --> Session: Class initialized using 'CodeIgniter\Session\Handlers\FileHandler' driver.
DEBUG - 2025-09-17 05:43:15 --> Session: Class initialized using 'CodeIgniter\Session\Handlers\FileHandler' driver.
DEBUG - 2025-09-17 05:43:33 --> Session: Class initialized using 'CodeIgniter\Session\Handlers\FileHandler' driver.
DEBUG - 2025-09-17 05:43:37 --> Session: Class initialized using 'CodeIgniter\Session\Handlers\FileHandler' driver.
DEBUG - 2025-09-17 05:43:42 --> Session: Class initialized using 'CodeIgniter\Session\Handlers\FileHandler' driver.
DEBUG - 2025-09-17 05:44:29 --> Session: Class initialized using 'CodeIgniter\Session\Handlers\FileHandler' driver.
DEBUG - 2025-09-17 05:44:34 --> Session: Class initialized using 'CodeIgniter\Session\Handlers\FileHandler' driver.
DEBUG - 2025-09-17 05:44:48 --> Session: Class initialized using 'CodeIgniter\Session\Handlers\FileHandler' driver.
DEBUG - 2025-09-17 05:45:08 --> Session: Class initialized using 'CodeIgniter\Session\Handlers\FileHandler' driver.
DEBUG - 2025-09-17 05:45:14 --> Session: Class initialized using 'CodeIgniter\Session\Handlers\FileHandler' driver.
DEBUG - 2025-09-17 05:45:21 --> Session: Class initialized using 'CodeIgniter\Session\Handlers\FileHandler' driver.
DEBUG - 2025-09-17 05:45:25 --> Session: Class initialized using 'CodeIgniter\Session\Handlers\FileHandler' driver.
DEBUG - 2025-09-17 05:45:32 --> Session: Class initialized using 'CodeIgniter\Session\Handlers\FileHandler' driver.
DEBUG - 2025-09-17 05:45:36 --> Session: Class initialized using 'CodeIgniter\Session\Handlers\FileHandler' driver.
DEBUG - 2025-09-17 05:46:12 --> Session: Class initialized using 'CodeIgniter\Session\Handlers\FileHandler' driver.
DEBUG - 2025-09-17 05:46:33 --> Session: Class initialized using 'CodeIgniter\Session\Handlers\FileHandler' driver.
DEBUG - 2025-09-17 05:46:57 --> Session: Class initialized using 'CodeIgniter\Session\Handlers\FileHandler' driver.
DEBUG - 2025-09-17 05:47:15 --> Session: Class initialized using 'CodeIgniter\Session\Handlers\FileHandler' driver.
DEBUG - 2025-09-17 05:47:23 --> Session: Class initialized using 'CodeIgniter\Session\Handlers\FileHandler' driver.
DEBUG - 2025-09-17 05:47:30 --> Session: Class initialized using 'CodeIgniter\Session\Handlers\FileHandler' driver.
DEBUG - 2025-09-17 05:47:35 --> Session: Class initialized using 'CodeIgniter\Session\Handlers\FileHandler' driver.
DEBUG - 2025-09-17 05:47:55 --> Session: Class initialized using 'CodeIgniter\Session\Handlers\FileHandler' driver.
DEBUG - 2025-09-17 05:49:05 --> Session: Class initialized using 'CodeIgniter\Session\Handlers\FileHandler' driver.
DEBUG - 2025-09-17 05:49:07 --> Session: Class initialized using 'CodeIgniter\Session\Handlers\FileHandler' driver.
DEBUG - 2025-09-17 05:49:17 --> Session: Class initialized using 'CodeIgniter\Session\Handlers\FileHandler' driver.
DEBUG - 2025-09-17 05:49:22 --> Session: Class initialized using 'CodeIgniter\Session\Handlers\FileHandler' driver.
DEBUG - 2025-09-17 05:49:25 --> Session: Class initialized using 'CodeIgniter\Session\Handlers\FileHandler' driver.
DEBUG - 2025-09-17 05:49:42 --> Session: Class initialized using 'CodeIgniter\Session\Handlers\FileHandler' driver.
DEBUG - 2025-09-17 05:50:21 --> Session: Class initialized using 'CodeIgniter\Session\Handlers\FileHandler' driver.
DEBUG - 2025-09-17 05:50:25 --> Session: Class initialized using 'CodeIgniter\Session\Handlers\FileHandler' driver.
DEBUG - 2025-09-17 05:50:27 --> Session: Class initialized using 'CodeIgniter\Session\Handlers\FileHandler' driver.
DEBUG - 2025-09-17 05:50:34 --> Session: Class initialized using 'CodeIgniter\Session\Handlers\FileHandler' driver.
DEBUG - 2025-09-17 05:50:42 --> Session: Class initialized using 'CodeIgniter\Session\Handlers\FileHandler' driver.
DEBUG - 2025-09-17 05:50:54 --> Session: Class initialized using 'CodeIgniter\Session\Handlers\FileHandler' driver.
DEBUG - 2025-09-17 05:50:56 --> Session: Class initialized using 'CodeIgniter\Session\Handlers\FileHandler' driver.
DEBUG - 2025-09-17 05:51:00 --> Session: Class initialized using 'CodeIgniter\Session\Handlers\FileHandler' driver.
DEBUG - 2025-09-17 05:51:03 --> Session: Class initialized using 'CodeIgniter\Session\Handlers\FileHandler' driver.
DEBUG - 2025-09-17 05:51:04 --> Session: Class initialized using 'CodeIgniter\Session\Handlers\FileHandler' driver.
DEBUG - 2025-09-17 05:51:07 --> Session: Class initialized using 'CodeIgniter\Session\Handlers\FileHandler' driver.
DEBUG - 2025-09-17 05:51:08 --> Session: Class initialized using 'CodeIgniter\Session\Handlers\FileHandler' driver.
DEBUG - 2025-09-17 05:51:33 --> Session: Class initialized using 'CodeIgniter\Session\Handlers\FileHandler' driver.
DEBUG - 2025-09-17 05:52:02 --> Session: Class initialized using 'CodeIgniter\Session\Handlers\FileHandler' driver.
DEBUG - 2025-09-17 05:52:22 --> Session: Class initialized using 'CodeIgniter\Session\Handlers\FileHandler' driver.
DEBUG - 2025-09-17 05:52:27 --> Session: Class initialized using 'CodeIgniter\Session\Handlers\FileHandler' driver.
DEBUG - 2025-09-17 05:52:29 --> Session: Class initialized using 'CodeIgniter\Session\Handlers\FileHandler' driver.
DEBUG - 2025-09-17 05:52:33 --> Session: Class initialized using 'CodeIgniter\Session\Handlers\FileHandler' driver.
DEBUG - 2025-09-17 05:52:50 --> Session: Class initialized using 'CodeIgniter\Session\Handlers\FileHandler' driver.
DEBUG - 2025-09-17 05:52:51 --> Session: Class initialized using 'CodeIgniter\Session\Handlers\FileHandler' driver.
DEBUG - 2025-09-17 05:52:52 --> Session: Class initialized using 'CodeIgniter\Session\Handlers\FileHandler' driver.
DEBUG - 2025-09-17 05:52:58 --> Session: Class initialized using 'CodeIgniter\Session\Handlers\FileHandler' driver.
DEBUG - 2025-09-17 05:53:09 --> Session: Class initialized using 'CodeIgniter\Session\Handlers\FileHandler' driver.
DEBUG - 2025-09-17 05:53:42 --> Session: Class initialized using 'CodeIgniter\Session\Handlers\FileHandler' driver.
DEBUG - 2025-09-17 05:53:53 --> Session: Class initialized using 'CodeIgniter\Session\Handlers\FileHandler' driver.
DEBUG - 2025-09-17 05:54:05 --> Session: Class initialized using 'CodeIgniter\Session\Handlers\FileHandler' driver.
DEBUG - 2025-09-17 05:54:09 --> Session: Class initialized using 'CodeIgniter\Session\Handlers\FileHandler' driver.
DEBUG - 2025-09-17 05:54:13 --> Session: Class initialized using 'CodeIgniter\Session\Handlers\FileHandler' driver.
DEBUG - 2025-09-17 05:54:15 --> Session: Class initialized using 'CodeIgniter\Session\Handlers\FileHandler' driver.
DEBUG - 2025-09-17 05:54:24 --> Session: Class initialized using 'CodeIgniter\Session\Handlers\FileHandler' driver.
DEBUG - 2025-09-17 05:54:54 --> Session: Class initialized using 'CodeIgniter\Session\Handlers\FileHandler' driver.
DEBUG - 2025-09-17 05:55:03 --> Session: Class initialized using 'CodeIgniter\Session\Handlers\FileHandler' driver.
DEBUG - 2025-09-17 05:55:08 --> Session: Class initialized using 'CodeIgniter\Session\Handlers\FileHandler' driver.
DEBUG - 2025-09-17 05:55:13 --> Session: Class initialized using 'CodeIgniter\Session\Handlers\FileHandler' driver.
DEBUG - 2025-09-17 05:55:45 --> Session: Class initialized using 'CodeIgniter\Session\Handlers\FileHandler' driver.
DEBUG - 2025-09-17 05:55:52 --> Session: Class initialized using 'CodeIgniter\Session\Handlers\FileHandler' driver.
DEBUG - 2025-09-17 05:55:56 --> Session: Class initialized using 'CodeIgniter\Session\Handlers\FileHandler' driver.
DEBUG - 2025-09-17 05:56:56 --> Session: Class initialized using 'CodeIgniter\Session\Handlers\FileHandler' driver.
DEBUG - 2025-09-17 05:57:41 --> Session: Class initialized using 'CodeIgniter\Session\Handlers\FileHandler' driver.
DEBUG - 2025-09-17 05:57:43 --> Session: Class initialized using 'CodeIgniter\Session\Handlers\FileHandler' driver.
DEBUG - 2025-09-17 05:58:02 --> Session: Class initialized using 'CodeIgniter\Session\Handlers\FileHandler' driver.
DEBUG - 2025-09-17 05:58:03 --> Session: Class initialized using 'CodeIgniter\Session\Handlers\FileHandler' driver.
DEBUG - 2025-09-17 05:58:07 --> Session: Class initialized using 'CodeIgniter\Session\Handlers\FileHandler' driver.
DEBUG - 2025-09-17 05:58:09 --> Session: Class initialized using 'CodeIgniter\Session\Handlers\FileHandler' driver.
DEBUG - 2025-09-17 05:58:18 --> Session: Class initialized using 'CodeIgniter\Session\Handlers\FileHandler' driver.
DEBUG - 2025-09-17 05:58:26 --> Session: Class initialized using 'CodeIgniter\Session\Handlers\FileHandler' driver.
DEBUG - 2025-09-17 05:58:27 --> Session: Class initialized using 'CodeIgniter\Session\Handlers\FileHandler' driver.
DEBUG - 2025-09-17 05:58:31 --> Session: Class initialized using 'CodeIgniter\Session\Handlers\FileHandler' driver.
DEBUG - 2025-09-17 05:58:31 --> Session: Class initialized using 'CodeIgniter\Session\Handlers\FileHandler' driver.
DEBUG - 2025-09-17 05:58:36 --> Session: Class initialized using 'CodeIgniter\Session\Handlers\FileHandler' driver.
DEBUG - 2025-09-17 05:58:36 --> Session: Class initialized using 'CodeIgniter\Session\Handlers\FileHandler' driver.
DEBUG - 2025-09-17 05:58:37 --> Session: Class initialized using 'CodeIgniter\Session\Handlers\FileHandler' driver.
DEBUG - 2025-09-17 05:58:39 --> Session: Class initialized using 'CodeIgniter\Session\Handlers\FileHandler' driver.
DEBUG - 2025-09-17 05:58:40 --> Session: Class initialized using 'CodeIgniter\Session\Handlers\FileHandler' driver.
DEBUG - 2025-09-17 05:59:05 --> Chunk 1 berhasil disimpan
DEBUG - 2025-09-17 05:59:05 --> Chunk 2 belum ada, tunggu chunk berikutnya
DEBUG - 2025-09-17 05:59:05 --> Chunk 3 berhasil disimpan
DEBUG - 2025-09-17 05:59:05 --> Chunk 2 belum ada, tunggu chunk berikutnya
DEBUG - 2025-09-17 05:59:05 --> Chunk 2 berhasil disimpan
DEBUG - 2025-09-17 05:59:05 --> Chunk 4 belum ada, tunggu chunk berikutnya
DEBUG - 2025-09-17 05:59:09 --> Chunk 4 berhasil disimpan
DEBUG - 2025-09-17 05:59:09 --> Chunk 1 berhasil digabung
DEBUG - 2025-09-17 05:59:09 --> Chunk 2 berhasil digabung
DEBUG - 2025-09-17 05:59:09 --> Chunk 3 berhasil digabung
DEBUG - 2025-09-17 05:59:09 --> Chunk 4 berhasil digabung
DEBUG - 2025-09-17 05:59:09 --> File final berhasil dibuat: C:\xampp\htdocs\sejiwa\writable\uploads/final/Roblox 2025-03-01 19-54-16.mp4
DEBUG - 2025-09-17 05:59:25 --> Session: Class initialized using 'CodeIgniter\Session\Handlers\FileHandler' driver.
DEBUG - 2025-09-17 05:59:28 --> Session: Class initialized using 'CodeIgniter\Session\Handlers\FileHandler' driver.
DEBUG - 2025-09-17 05:59:29 --> Session: Class initialized using 'CodeIgniter\Session\Handlers\FileHandler' driver.
DEBUG - 2025-09-17 06:00:19 --> Session: Class initialized using 'CodeIgniter\Session\Handlers\FileHandler' driver.
DEBUG - 2025-09-17 06:00:25 --> Session: Class initialized using 'CodeIgniter\Session\Handlers\FileHandler' driver.
DEBUG - 2025-09-17 06:00:39 --> Session: Class initialized using 'CodeIgniter\Session\Handlers\FileHandler' driver.
DEBUG - 2025-09-17 06:00:42 --> Session: Class initialized using 'CodeIgniter\Session\Handlers\FileHandler' driver.
DEBUG - 2025-09-17 06:02:04 --> Session: Class initialized using 'CodeIgniter\Session\Handlers\FileHandler' driver.
DEBUG - 2025-09-17 06:02:24 --> Chunk 1 berhasil disimpan
DEBUG - 2025-09-17 06:02:24 --> Chunk 2 belum ada, tunggu chunk berikutnya
DEBUG - 2025-09-17 06:02:24 --> Chunk 2 berhasil disimpan
DEBUG - 2025-09-17 06:02:24 --> Chunk 3 belum ada, tunggu chunk berikutnya
DEBUG - 2025-09-17 06:02:25 --> Chunk 3 berhasil disimpan
DEBUG - 2025-09-17 06:02:25 --> Chunk 1 berhasil digabung
DEBUG - 2025-09-17 06:02:25 --> Chunk 2 berhasil digabung
DEBUG - 2025-09-17 06:02:25 --> Chunk 3 berhasil digabung
DEBUG - 2025-09-17 06:02:25 --> File final berhasil dibuat: C:\xampp\htdocs\sejiwa\writable\uploads/final/Roblox 2025-03-01 20-13-15.mp4
DEBUG - 2025-09-17 06:02:28 --> Session: Class initialized using 'CodeIgniter\Session\Handlers\FileHandler' driver.
DEBUG - 2025-09-17 06:04:29 --> Session: Class initialized using 'CodeIgniter\Session\Handlers\FileHandler' driver.
DEBUG - 2025-09-17 06:04:52 --> Chunk 1 berhasil disimpan
DEBUG - 2025-09-17 06:04:52 --> Chunk 2 belum ada, tunggu chunk berikutnya
DEBUG - 2025-09-17 06:04:52 --> Chunk 2 berhasil disimpan
DEBUG - 2025-09-17 06:04:52 --> Chunk 3 belum ada, tunggu chunk berikutnya
DEBUG - 2025-09-17 06:04:53 --> Chunk 3 berhasil disimpan
DEBUG - 2025-09-17 06:04:53 --> Chunk 1 berhasil digabung
DEBUG - 2025-09-17 06:04:53 --> Chunk 2 berhasil digabung
DEBUG - 2025-09-17 06:04:53 --> Chunk 3 berhasil digabung
DEBUG - 2025-09-17 06:04:53 --> File final berhasil dibuat: C:\xampp\htdocs\sejiwa\writable\uploads/final/Coming soon Paskah.mp4
DEBUG - 2025-09-17 06:04:57 --> Session: Class initialized using 'CodeIgniter\Session\Handlers\FileHandler' driver.
DEBUG - 2025-09-17 06:05:11 --> Session: Class initialized using 'CodeIgniter\Session\Handlers\FileHandler' driver.
DEBUG - 2025-09-17 06:05:13 --> Session: Class initialized using 'CodeIgniter\Session\Handlers\FileHandler' driver.
DEBUG - 2025-09-17 06:05:16 --> Session: Class initialized using 'CodeIgniter\Session\Handlers\FileHandler' driver.
DEBUG - 2025-09-17 06:10:43 --> Session: Class initialized using 'CodeIgniter\Session\Handlers\FileHandler' driver.
DEBUG - 2025-09-17 06:11:29 --> Session: Class initialized using 'CodeIgniter\Session\Handlers\FileHandler' driver.
DEBUG - 2025-09-17 06:11:43 --> Session: Class initialized using 'CodeIgniter\Session\Handlers\FileHandler' driver.
DEBUG - 2025-09-17 06:11:53 --> Session: Class initialized using 'CodeIgniter\Session\Handlers\FileHandler' driver.
DEBUG - 2025-09-17 06:13:29 --> Session: Class initialized using 'CodeIgniter\Session\Handlers\FileHandler' driver.
DEBUG - 2025-09-17 06:13:50 --> Chunk 1 berhasil disimpan
DEBUG - 2025-09-17 06:13:50 --> Chunk 2 belum ada, tunggu chunk berikutnya
DEBUG - 2025-09-17 06:13:50 --> Chunk 3 berhasil disimpan
DEBUG - 2025-09-17 06:13:50 --> Chunk 2 belum ada, tunggu chunk berikutnya
DEBUG - 2025-09-17 06:13:50 --> Chunk 2 berhasil disimpan
DEBUG - 2025-09-17 06:13:50 --> Chunk 4 belum ada, tunggu chunk berikutnya
DEBUG - 2025-09-17 06:13:53 --> Chunk 4 berhasil disimpan
DEBUG - 2025-09-17 06:13:53 --> Chunk 5 belum ada, tunggu chunk berikutnya
DEBUG - 2025-09-17 06:13:53 --> Chunk 5 berhasil disimpan
DEBUG - 2025-09-17 06:13:53 --> Chunk 1 berhasil digabung
DEBUG - 2025-09-17 06:13:53 --> Chunk 2 berhasil digabung
DEBUG - 2025-09-17 06:13:53 --> Chunk 3 berhasil digabung
DEBUG - 2025-09-17 06:13:53 --> Chunk 4 berhasil digabung
DEBUG - 2025-09-17 06:13:53 --> Chunk 5 berhasil digabung
DEBUG - 2025-09-17 06:13:53 --> File final berhasil dibuat: C:\xampp\htdocs\sejiwa\writable\uploads/final/Roblox 2025-03-01 19-50-13.mp4
DEBUG - 2025-09-17 06:13:58 --> Session: Class initialized using 'CodeIgniter\Session\Handlers\FileHandler' driver.
DEBUG - 2025-09-17 06:18:43 --> Session: Class initialized using 'CodeIgniter\Session\Handlers\FileHandler' driver.
DEBUG - 2025-09-17 06:19:08 --> Chunk 1 berhasil disimpan
DEBUG - 2025-09-17 06:19:08 --> Chunk 2 belum ada, tunggu chunk berikutnya
DEBUG - 2025-09-17 06:19:08 --> Chunk 2 berhasil disimpan
DEBUG - 2025-09-17 06:19:08 --> Chunk 3 belum ada, tunggu chunk berikutnya
DEBUG - 2025-09-17 06:19:08 --> Chunk 3 berhasil disimpan
DEBUG - 2025-09-17 06:19:08 --> Chunk 4 belum ada, tunggu chunk berikutnya
DEBUG - 2025-09-17 06:19:12 --> Chunk 4 berhasil disimpan
DEBUG - 2025-09-17 06:19:12 --> Chunk 5 belum ada, tunggu chunk berikutnya
DEBUG - 2025-09-17 06:19:12 --> Chunk 5 berhasil disimpan
DEBUG - 2025-09-17 06:19:12 --> Chunk 6 belum ada, tunggu chunk berikutnya
DEBUG - 2025-09-17 06:19:13 --> Chunk 6 berhasil disimpan
DEBUG - 2025-09-17 06:19:13 --> Chunk 7 belum ada, tunggu chunk berikutnya
DEBUG - 2025-09-17 06:19:15 --> Chunk 7 berhasil disimpan
DEBUG - 2025-09-17 06:19:15 --> Chunk 8 belum ada, tunggu chunk berikutnya
DEBUG - 2025-09-17 06:19:17 --> Chunk 8 berhasil disimpan
DEBUG - 2025-09-17 06:19:17 --> Chunk 1 berhasil digabung
DEBUG - 2025-09-17 06:19:17 --> Chunk 2 berhasil digabung
DEBUG - 2025-09-17 06:19:17 --> Chunk 3 berhasil digabung
DEBUG - 2025-09-17 06:19:17 --> Chunk 4 berhasil digabung
DEBUG - 2025-09-17 06:19:17 --> Chunk 5 berhasil digabung
DEBUG - 2025-09-17 06:19:17 --> Chunk 6 berhasil digabung
DEBUG - 2025-09-17 06:19:17 --> Chunk 7 berhasil digabung
DEBUG - 2025-09-17 06:19:18 --> Chunk 8 berhasil digabung
DEBUG - 2025-09-17 06:19:18 --> File final berhasil dibuat: public/uploads/video/Roblox 2025-03-01 19-51-41.mp4
DEBUG - 2025-09-17 06:19:26 --> Session: Class initialized using 'CodeIgniter\Session\Handlers\FileHandler' driver.
DEBUG - 2025-09-17 06:20:21 --> Session: Class initialized using 'CodeIgniter\Session\Handlers\FileHandler' driver.
DEBUG - 2025-09-17 06:20:48 --> Chunk 1 berhasil disimpan
DEBUG - 2025-09-17 06:20:48 --> Chunk 1 berhasil digabung
DEBUG - 2025-09-17 06:20:48 --> File final berhasil dibuat: C:\xampp\htdocs\sejiwa\public\video/Walpaper Dekstop.png
DEBUG - 2025-09-17 06:21:03 --> Session: Class initialized using 'CodeIgniter\Session\Handlers\FileHandler' driver.
DEBUG - 2025-09-17 06:21:27 --> Chunk 1 berhasil disimpan
DEBUG - 2025-09-17 06:21:27 --> Chunk 2 belum ada, tunggu chunk berikutnya
DEBUG - 2025-09-17 06:21:27 --> Chunk 2 berhasil disimpan
DEBUG - 2025-09-17 06:21:27 --> Chunk 3 belum ada, tunggu chunk berikutnya
DEBUG - 2025-09-17 06:21:27 --> Chunk 3 berhasil disimpan
DEBUG - 2025-09-17 06:21:27 --> Chunk 4 belum ada, tunggu chunk berikutnya
DEBUG - 2025-09-17 06:21:32 --> Chunk 4 berhasil disimpan
DEBUG - 2025-09-17 06:21:32 --> Chunk 5 belum ada, tunggu chunk berikutnya
DEBUG - 2025-09-17 06:21:32 --> Chunk 5 berhasil disimpan
DEBUG - 2025-09-17 06:21:32 --> Chunk 6 belum ada, tunggu chunk berikutnya
DEBUG - 2025-09-17 06:21:32 --> Chunk 6 berhasil disimpan
DEBUG - 2025-09-17 06:21:32 --> Chunk 7 belum ada, tunggu chunk berikutnya
DEBUG - 2025-09-17 06:21:36 --> Chunk 7 berhasil disimpan
DEBUG - 2025-09-17 06:21:36 --> Chunk 8 belum ada, tunggu chunk berikutnya
DEBUG - 2025-09-17 06:21:37 --> Chunk 8 berhasil disimpan
DEBUG - 2025-09-17 06:21:37 --> Chunk 1 berhasil digabung
DEBUG - 2025-09-17 06:21:38 --> Chunk 2 berhasil digabung
DEBUG - 2025-09-17 06:21:38 --> Chunk 3 berhasil digabung
DEBUG - 2025-09-17 06:21:38 --> Chunk 4 berhasil digabung
DEBUG - 2025-09-17 06:21:38 --> Chunk 5 berhasil digabung
DEBUG - 2025-09-17 06:21:38 --> Chunk 6 berhasil digabung
DEBUG - 2025-09-17 06:21:38 --> Chunk 7 berhasil digabung
DEBUG - 2025-09-17 06:21:38 --> Chunk 8 berhasil digabung
DEBUG - 2025-09-17 06:21:38 --> File final berhasil dibuat: C:\xampp\htdocs\sejiwa\public\video/Roblox 2025-03-01 19-51-41.mp4
DEBUG - 2025-09-17 06:21:58 --> Session: Class initialized using 'CodeIgniter\Session\Handlers\FileHandler' driver.
DEBUG - 2025-09-17 06:23:41 --> Session: Class initialized using 'CodeIgniter\Session\Handlers\FileHandler' driver.
DEBUG - 2025-09-17 06:23:45 --> Session: Class initialized using 'CodeIgniter\Session\Handlers\FileHandler' driver.
CRITICAL - 2025-09-17 06:23:45 --> ErrorException: Undefined variable $resumableFilename
[Method: GET, Route: content/view/19]
in APPPATH\Views\user\content_detail.php on line 62.
 1 APPPATH\Views\user\content_detail.php(62): CodeIgniter\Debug\Exceptions->errorHandler(2, 'Undefined variable $resumableFilename', 'C:\\xampp\\htdocs\\sejiwa\\app\\Views\\user\\content_detail.php', 62)
 2 SYSTEMPATH\View\View.php(226): include('C:\\xampp\\htdocs\\sejiwa\\app\\Views\\user\\content_detail.php')
 3 SYSTEMPATH\View\View.php(229): CodeIgniter\View\View->{closure:CodeIgniter\View\View::render():223}()
 4 SYSTEMPATH\Common.php(1167): CodeIgniter\View\View->render('user/content_detail', [], true)
 5 APPPATH\Controllers\ContentController.php(153): view('user/content_detail', [...])
 6 SYSTEMPATH\CodeIgniter.php(933): App\Controllers\ContentController->view('19')
 7 SYSTEMPATH\CodeIgniter.php(507): CodeIgniter\CodeIgniter->runController(Object(App\Controllers\ContentController))
 8 SYSTEMPATH\CodeIgniter.php(354): CodeIgniter\CodeIgniter->handleRequest(null, Object(Config\Cache), false)
 9 SYSTEMPATH\Boot.php(363): CodeIgniter\CodeIgniter->run()
10 SYSTEMPATH\Boot.php(68): CodeIgniter\Boot::runCodeIgniter(Object(CodeIgniter\CodeIgniter))
11 FCPATH\index.php(59): CodeIgniter\Boot::bootWeb(Object(Config\Paths))
12 SYSTEMPATH\rewrite.php(44): require_once('C:\\xampp\\htdocs\\sejiwa\\public\\index.php')
DEBUG - 2025-09-17 06:25:23 --> Session: Class initialized using 'CodeIgniter\Session\Handlers\FileHandler' driver.
DEBUG - 2025-09-17 06:25:26 --> Session: Class initialized using 'CodeIgniter\Session\Handlers\FileHandler' driver.
DEBUG - 2025-09-17 06:25:29 --> Session: Class initialized using 'CodeIgniter\Session\Handlers\FileHandler' driver.
DEBUG - 2025-09-17 06:25:33 --> Session: Class initialized using 'CodeIgniter\Session\Handlers\FileHandler' driver.
DEBUG - 2025-09-17 06:25:57 --> Chunk 1 berhasil disimpan
DEBUG - 2025-09-17 06:25:57 --> Chunk 2 belum ada, tunggu chunk berikutnya
DEBUG - 2025-09-17 06:25:57 --> Chunk 3 berhasil disimpan
DEBUG - 2025-09-17 06:25:57 --> Chunk 2 belum ada, tunggu chunk berikutnya
DEBUG - 2025-09-17 06:25:57 --> Chunk 2 berhasil disimpan
DEBUG - 2025-09-17 06:25:57 --> Chunk 4 belum ada, tunggu chunk berikutnya
DEBUG - 2025-09-17 06:26:02 --> Chunk 4 berhasil disimpan
DEBUG - 2025-09-17 06:26:02 --> Chunk 5 belum ada, tunggu chunk berikutnya
DEBUG - 2025-09-17 06:26:02 --> Chunk 5 berhasil disimpan
DEBUG - 2025-09-17 06:26:02 --> Chunk 6 belum ada, tunggu chunk berikutnya
DEBUG - 2025-09-17 06:26:02 --> Chunk 6 berhasil disimpan
DEBUG - 2025-09-17 06:26:02 --> Chunk 7 belum ada, tunggu chunk berikutnya
DEBUG - 2025-09-17 06:26:05 --> Chunk 7 berhasil disimpan
DEBUG - 2025-09-17 06:26:05 --> Chunk 8 belum ada, tunggu chunk berikutnya
DEBUG - 2025-09-17 06:26:08 --> Chunk 8 berhasil disimpan
DEBUG - 2025-09-17 06:26:08 --> Chunk 1 berhasil digabung
DEBUG - 2025-09-17 06:26:08 --> Chunk 2 berhasil digabung
DEBUG - 2025-09-17 06:26:08 --> Chunk 3 berhasil digabung
DEBUG - 2025-09-17 06:26:08 --> Chunk 4 berhasil digabung
DEBUG - 2025-09-17 06:26:08 --> Chunk 5 berhasil digabung
DEBUG - 2025-09-17 06:26:08 --> Chunk 6 berhasil digabung
DEBUG - 2025-09-17 06:26:08 --> Chunk 7 berhasil digabung
DEBUG - 2025-09-17 06:26:08 --> Chunk 8 berhasil digabung
DEBUG - 2025-09-17 06:26:08 --> File final berhasil dibuat: C:\xampp\htdocs\sejiwa\public\video/Roblox 2025-03-01 19-51-41.mp4
DEBUG - 2025-09-17 06:26:15 --> Session: Class initialized using 'CodeIgniter\Session\Handlers\FileHandler' driver.
DEBUG - 2025-09-17 06:28:27 --> Session: Class initialized using 'CodeIgniter\Session\Handlers\FileHandler' driver.
DEBUG - 2025-09-17 06:28:51 --> Chunk 3 berhasil disimpan
DEBUG - 2025-09-17 06:28:51 --> Chunk 1 belum ada, tunggu chunk berikutnya
DEBUG - 2025-09-17 06:28:51 --> Chunk 1 berhasil disimpan
DEBUG - 2025-09-17 06:28:51 --> Chunk 2 belum ada, tunggu chunk berikutnya
DEBUG - 2025-09-17 06:28:51 --> Chunk 2 berhasil disimpan
DEBUG - 2025-09-17 06:28:51 --> Chunk 4 belum ada, tunggu chunk berikutnya
DEBUG - 2025-09-17 06:28:54 --> Chunk 4 berhasil disimpan
DEBUG - 2025-09-17 06:28:54 --> Chunk 5 belum ada, tunggu chunk berikutnya
DEBUG - 2025-09-17 06:28:54 --> Chunk 5 berhasil disimpan
DEBUG - 2025-09-17 06:28:54 --> Chunk 6 belum ada, tunggu chunk berikutnya
DEBUG - 2025-09-17 06:28:54 --> Chunk 6 berhasil disimpan
DEBUG - 2025-09-17 06:28:54 --> Chunk 7 belum ada, tunggu chunk berikutnya
DEBUG - 2025-09-17 06:28:56 --> Chunk 7 berhasil disimpan
DEBUG - 2025-09-17 06:28:56 --> Chunk 8 belum ada, tunggu chunk berikutnya
DEBUG - 2025-09-17 06:28:57 --> Chunk 8 berhasil disimpan
DEBUG - 2025-09-17 06:28:57 --> Chunk 1 berhasil digabung
DEBUG - 2025-09-17 06:28:57 --> Chunk 2 berhasil digabung
DEBUG - 2025-09-17 06:28:57 --> Chunk 3 berhasil digabung
DEBUG - 2025-09-17 06:28:57 --> Chunk 4 berhasil digabung
DEBUG - 2025-09-17 06:28:57 --> Chunk 5 berhasil digabung
DEBUG - 2025-09-17 06:28:57 --> Chunk 6 berhasil digabung
DEBUG - 2025-09-17 06:28:57 --> Chunk 7 berhasil digabung
DEBUG - 2025-09-17 06:28:57 --> Chunk 8 berhasil digabung
DEBUG - 2025-09-17 06:28:57 --> File final berhasil dibuat: C:\xampp\htdocs\sejiwa\public\uploads/video/Roblox 2025-03-01 19-51-41.mp4
DEBUG - 2025-09-17 06:29:08 --> Session: Class initialized using 'CodeIgniter\Session\Handlers\FileHandler' driver.
DEBUG - 2025-09-17 06:29:16 --> Session: Class initialized using 'CodeIgniter\Session\Handlers\FileHandler' driver.
DEBUG - 2025-09-17 06:29:18 --> Session: Class initialized using 'CodeIgniter\Session\Handlers\FileHandler' driver.
DEBUG - 2025-09-17 06:35:36 --> Session: Class initialized using 'CodeIgniter\Session\Handlers\FileHandler' driver.
DEBUG - 2025-09-17 06:36:04 --> Chunk 3 berhasil disimpan
DEBUG - 2025-09-17 06:36:04 --> Chunk 1 belum ada, tunggu chunk berikutnya
DEBUG - 2025-09-17 06:36:04 --> Chunk 1 berhasil disimpan
DEBUG - 2025-09-17 06:36:04 --> Chunk 2 belum ada, tunggu chunk berikutnya
DEBUG - 2025-09-17 06:36:04 --> Chunk 2 berhasil disimpan
DEBUG - 2025-09-17 06:36:04 --> Chunk 4 belum ada, tunggu chunk berikutnya
DEBUG - 2025-09-17 06:36:07 --> Chunk 5 berhasil disimpan
DEBUG - 2025-09-17 06:36:07 --> Chunk 4 belum ada, tunggu chunk berikutnya
DEBUG - 2025-09-17 06:36:07 --> Chunk 4 berhasil disimpan
DEBUG - 2025-09-17 06:36:07 --> Chunk 6 belum ada, tunggu chunk berikutnya
DEBUG - 2025-09-17 06:36:07 --> Chunk 6 berhasil disimpan
DEBUG - 2025-09-17 06:36:07 --> Chunk 7 belum ada, tunggu chunk berikutnya
DEBUG - 2025-09-17 06:36:09 --> Chunk 7 berhasil disimpan
DEBUG - 2025-09-17 06:36:09 --> Chunk 8 belum ada, tunggu chunk berikutnya
DEBUG - 2025-09-17 06:36:10 --> Chunk 8 berhasil disimpan
DEBUG - 2025-09-17 06:36:10 --> Chunk 1 berhasil digabung
DEBUG - 2025-09-17 06:36:10 --> Chunk 2 berhasil digabung
DEBUG - 2025-09-17 06:36:10 --> Chunk 3 berhasil digabung
DEBUG - 2025-09-17 06:36:10 --> Chunk 4 berhasil digabung
DEBUG - 2025-09-17 06:36:10 --> Chunk 5 berhasil digabung
DEBUG - 2025-09-17 06:36:10 --> Chunk 6 berhasil digabung
DEBUG - 2025-09-17 06:36:10 --> Chunk 7 berhasil digabung
DEBUG - 2025-09-17 06:36:10 --> Chunk 8 berhasil digabung
DEBUG - 2025-09-17 06:36:10 --> File final berhasil dibuat: C:\xampp\htdocs\sejiwa\public\uploads/video/Roblox 2025-03-01 19-51-41.mp4
DEBUG - 2025-09-17 06:36:30 --> Session: Class initialized using 'CodeIgniter\Session\Handlers\FileHandler' driver.
DEBUG - 2025-09-17 06:36:45 --> Session: Class initialized using 'CodeIgniter\Session\Handlers\FileHandler' driver.
DEBUG - 2025-09-17 06:36:48 --> Session: Class initialized using 'CodeIgniter\Session\Handlers\FileHandler' driver.
DEBUG - 2025-09-17 06:36:57 --> Session: Class initialized using 'CodeIgniter\Session\Handlers\FileHandler' driver.
DEBUG - 2025-09-17 06:37:15 --> Chunk 2 berhasil disimpan
DEBUG - 2025-09-17 06:37:15 --> Chunk 1 belum ada, tunggu chunk berikutnya
DEBUG - 2025-09-17 06:37:16 --> Chunk 3 berhasil disimpan
DEBUG - 2025-09-17 06:37:16 --> Chunk 1 belum ada, tunggu chunk berikutnya
DEBUG - 2025-09-17 06:37:16 --> Chunk 1 berhasil disimpan
DEBUG - 2025-09-17 06:37:16 --> Chunk 4 belum ada, tunggu chunk berikutnya
DEBUG - 2025-09-17 06:37:18 --> Chunk 4 berhasil disimpan
DEBUG - 2025-09-17 06:37:18 --> Chunk 1 berhasil digabung
DEBUG - 2025-09-17 06:37:18 --> Chunk 2 berhasil digabung
DEBUG - 2025-09-17 06:37:18 --> Chunk 3 berhasil digabung
DEBUG - 2025-09-17 06:37:18 --> Chunk 4 berhasil digabung
DEBUG - 2025-09-17 06:37:18 --> File final berhasil dibuat: C:\xampp\htdocs\sejiwa\public\uploads/video/Roblox 2025-03-01 19-54-16.mp4
DEBUG - 2025-09-17 06:37:26 --> Session: Class initialized using 'CodeIgniter\Session\Handlers\FileHandler' driver.
DEBUG - 2025-09-17 06:37:36 --> Session: Class initialized using 'CodeIgniter\Session\Handlers\FileHandler' driver.
DEBUG - 2025-09-17 06:37:40 --> Session: Class initialized using 'CodeIgniter\Session\Handlers\FileHandler' driver.
DEBUG - 2025-09-17 06:37:44 --> Session: Class initialized using 'CodeIgniter\Session\Handlers\FileHandler' driver.
DEBUG - 2025-09-17 06:38:47 --> Session: Class initialized using 'CodeIgniter\Session\Handlers\FileHandler' driver.
DEBUG - 2025-09-17 06:38:51 --> Session: Class initialized using 'CodeIgniter\Session\Handlers\FileHandler' driver.
DEBUG - 2025-09-17 06:50:45 --> Session: Class initialized using 'CodeIgniter\Session\Handlers\FileHandler' driver.
DEBUG - 2025-09-17 06:50:46 --> Session: Class initialized using 'CodeIgniter\Session\Handlers\FileHandler' driver.
DEBUG - 2025-09-17 06:51:11 --> Chunk 2 berhasil disimpan
DEBUG - 2025-09-17 06:51:11 --> Chunk 1 belum ada, tunggu chunk berikutnya
DEBUG - 2025-09-17 06:51:11 --> Chunk 1 berhasil disimpan
DEBUG - 2025-09-17 06:51:11 --> Chunk 3 belum ada, tunggu chunk berikutnya
DEBUG - 2025-09-17 06:51:12 --> Chunk 3 berhasil disimpan
DEBUG - 2025-09-17 06:51:12 --> Chunk 1 berhasil digabung
DEBUG - 2025-09-17 06:51:12 --> Chunk 2 berhasil digabung
DEBUG - 2025-09-17 06:51:12 --> Chunk 3 berhasil digabung
DEBUG - 2025-09-17 06:51:12 --> File final berhasil dibuat: C:\xampp\htdocs\sejiwa\public\uploads/video/68ca5a60588a2_Roblox 2025-03-01 20-13-15.mp4
DEBUG - 2025-09-17 06:51:22 --> Session: Class initialized using 'CodeIgniter\Session\Handlers\FileHandler' driver.
DEBUG - 2025-09-17 06:51:35 --> Session: Class initialized using 'CodeIgniter\Session\Handlers\FileHandler' driver.
DEBUG - 2025-09-17 06:51:37 --> Session: Class initialized using 'CodeIgniter\Session\Handlers\FileHandler' driver.
DEBUG - 2025-09-17 06:51:51 --> Session: Class initialized using 'CodeIgniter\Session\Handlers\FileHandler' driver.
DEBUG - 2025-09-17 06:51:53 --> Session: Class initialized using 'CodeIgniter\Session\Handlers\FileHandler' driver.
DEBUG - 2025-09-17 06:51:56 --> Session: Class initialized using 'CodeIgniter\Session\Handlers\FileHandler' driver.
DEBUG - 2025-09-17 06:51:58 --> Session: Class initialized using 'CodeIgniter\Session\Handlers\FileHandler' driver.
DEBUG - 2025-09-17 06:52:01 --> Session: Class initialized using 'CodeIgniter\Session\Handlers\FileHandler' driver.
DEBUG - 2025-09-17 06:52:03 --> Session: Class initialized using 'CodeIgniter\Session\Handlers\FileHandler' driver.
DEBUG - 2025-09-17 06:52:07 --> Session: Class initialized using 'CodeIgniter\Session\Handlers\FileHandler' driver.
DEBUG - 2025-09-17 06:52:09 --> Session: Class initialized using 'CodeIgniter\Session\Handlers\FileHandler' driver.
DEBUG - 2025-09-17 06:52:14 --> Session: Class initialized using 'CodeIgniter\Session\Handlers\FileHandler' driver.
DEBUG - 2025-09-17 06:52:16 --> Session: Class initialized using 'CodeIgniter\Session\Handlers\FileHandler' driver.
DEBUG - 2025-09-17 07:00:06 --> Session: Class initialized using 'CodeIgniter\Session\Handlers\FileHandler' driver.
CRITICAL - 2025-09-17 07:00:06 --> ErrorException: Undefined variable $video
[Method: GET, Route: content/view/24]
in APPPATH\Views\user\content_detail.php on line 62.
 1 APPPATH\Views\user\content_detail.php(62): CodeIgniter\Debug\Exceptions->errorHandler(2, 'Undefined variable $video', 'C:\\xampp\\htdocs\\sejiwa\\app\\Views\\user\\content_detail.php', 62)
 2 SYSTEMPATH\View\View.php(226): include('C:\\xampp\\htdocs\\sejiwa\\app\\Views\\user\\content_detail.php')
 3 SYSTEMPATH\View\View.php(229): CodeIgniter\View\View->{closure:CodeIgniter\View\View::render():223}()
 4 SYSTEMPATH\Common.php(1167): CodeIgniter\View\View->render('user/content_detail', [], true)
 5 APPPATH\Controllers\ContentController.php(153): view('user/content_detail', [...])
 6 SYSTEMPATH\CodeIgniter.php(933): App\Controllers\ContentController->view('24')
 7 SYSTEMPATH\CodeIgniter.php(507): CodeIgniter\CodeIgniter->runController(Object(App\Controllers\ContentController))
 8 SYSTEMPATH\CodeIgniter.php(354): CodeIgniter\CodeIgniter->handleRequest(null, Object(Config\Cache), false)
 9 SYSTEMPATH\Boot.php(363): CodeIgniter\CodeIgniter->run()
10 SYSTEMPATH\Boot.php(68): CodeIgniter\Boot::runCodeIgniter(Object(CodeIgniter\CodeIgniter))
11 FCPATH\index.php(59): CodeIgniter\Boot::bootWeb(Object(Config\Paths))
12 SYSTEMPATH\rewrite.php(44): require_once('C:\\xampp\\htdocs\\sejiwa\\public\\index.php')
DEBUG - 2025-09-17 07:00:12 --> Session: Class initialized using 'CodeIgniter\Session\Handlers\FileHandler' driver.
DEBUG - 2025-09-17 07:02:54 --> Session: Class initialized using 'CodeIgniter\Session\Handlers\FileHandler' driver.
DEBUG - 2025-09-17 07:07:03 --> Session: Class initialized using 'CodeIgniter\Session\Handlers\FileHandler' driver.
DEBUG - 2025-09-17 07:07:25 --> Chunk 1 berhasil disimpan
DEBUG - 2025-09-17 07:07:25 --> Chunk 2 belum ada, tunggu chunk berikutnya
DEBUG - 2025-09-17 07:07:25 --> Chunk 3 berhasil disimpan
DEBUG - 2025-09-17 07:07:25 --> Chunk 2 belum ada, tunggu chunk berikutnya
DEBUG - 2025-09-17 07:07:25 --> Chunk 2 berhasil disimpan
DEBUG - 2025-09-17 07:07:25 --> Chunk 4 belum ada, tunggu chunk berikutnya
DEBUG - 2025-09-17 07:07:29 --> Chunk 4 berhasil disimpan
DEBUG - 2025-09-17 07:07:29 --> Chunk 1 berhasil digabung
DEBUG - 2025-09-17 07:07:29 --> Chunk 2 berhasil digabung
DEBUG - 2025-09-17 07:07:29 --> Chunk 3 berhasil digabung
DEBUG - 2025-09-17 07:07:29 --> Chunk 4 berhasil digabung
DEBUG - 2025-09-17 07:07:29 --> File final berhasil dibuat: C:\xampp\htdocs\sejiwa\public\uploads/video/68ca5e3113335_Roblox 2025-03-01 19-54-16.mp4
DEBUG - 2025-09-17 07:07:41 --> Session: Class initialized using 'CodeIgniter\Session\Handlers\FileHandler' driver.
DEBUG - 2025-09-17 07:08:03 --> Session: Class initialized using 'CodeIgniter\Session\Handlers\FileHandler' driver.
DEBUG - 2025-09-17 07:08:03 --> Session: Class initialized using 'CodeIgniter\Session\Handlers\FileHandler' driver.
DEBUG - 2025-09-17 07:09:23 --> Session: Class initialized using 'CodeIgniter\Session\Handlers\FileHandler' driver.
DEBUG - 2025-09-17 07:09:23 --> Session: Class initialized using 'CodeIgniter\Session\Handlers\FileHandler' driver.
DEBUG - 2025-09-17 07:09:26 --> Session: Class initialized using 'CodeIgniter\Session\Handlers\FileHandler' driver.
DEBUG - 2025-09-17 07:09:26 --> Session: Class initialized using 'CodeIgniter\Session\Handlers\FileHandler' driver.
DEBUG - 2025-09-17 07:09:28 --> Session: Class initialized using 'CodeIgniter\Session\Handlers\FileHandler' driver.
DEBUG - 2025-09-17 07:09:51 --> Chunk 1 berhasil disimpan
DEBUG - 2025-09-17 07:09:51 --> Chunk 2 belum ada, tunggu chunk berikutnya
DEBUG - 2025-09-17 07:09:51 --> Chunk 2 berhasil disimpan
DEBUG - 2025-09-17 07:09:51 --> Chunk 3 belum ada, tunggu chunk berikutnya
DEBUG - 2025-09-17 07:09:51 --> Chunk 3 berhasil disimpan
DEBUG - 2025-09-17 07:09:51 --> Chunk 4 belum ada, tunggu chunk berikutnya
DEBUG - 2025-09-17 07:09:55 --> Chunk 4 berhasil disimpan
DEBUG - 2025-09-17 07:09:55 --> Chunk 1 berhasil digabung
DEBUG - 2025-09-17 07:09:55 --> Chunk 2 berhasil digabung
DEBUG - 2025-09-17 07:09:55 --> Chunk 3 berhasil digabung
DEBUG - 2025-09-17 07:09:55 --> Chunk 4 berhasil digabung
DEBUG - 2025-09-17 07:09:55 --> File final berhasil dibuat: C:\xampp\htdocs\sejiwa\public\uploads/video/68ca5ec3329b2_Roblox 2025-03-01 19-54-16.mp4
DEBUG - 2025-09-17 07:10:07 --> Session: Class initialized using 'CodeIgniter\Session\Handlers\FileHandler' driver.
DEBUG - 2025-09-17 07:12:31 --> Session: Class initialized using 'CodeIgniter\Session\Handlers\FileHandler' driver.
DEBUG - 2025-09-17 07:12:31 --> Session: Class initialized using 'CodeIgniter\Session\Handlers\FileHandler' driver.
DEBUG - 2025-09-17 07:12:32 --> Session: Class initialized using 'CodeIgniter\Session\Handlers\FileHandler' driver.
DEBUG - 2025-09-17 07:12:58 --> Chunk 1 berhasil disimpan
DEBUG - 2025-09-17 07:12:58 --> Chunk 2 belum ada, tunggu chunk berikutnya
DEBUG - 2025-09-17 07:12:58 --> Chunk 2 berhasil disimpan
DEBUG - 2025-09-17 07:12:58 --> Chunk 3 belum ada, tunggu chunk berikutnya
DEBUG - 2025-09-17 07:12:58 --> Chunk 3 berhasil disimpan
DEBUG - 2025-09-17 07:12:58 --> Chunk 4 belum ada, tunggu chunk berikutnya
DEBUG - 2025-09-17 07:13:04 --> Chunk 4 berhasil disimpan
DEBUG - 2025-09-17 07:13:04 --> Chunk 5 belum ada, tunggu chunk berikutnya
DEBUG - 2025-09-17 07:13:04 --> Chunk 5 berhasil disimpan
DEBUG - 2025-09-17 07:13:04 --> Chunk 6 belum ada, tunggu chunk berikutnya
DEBUG - 2025-09-17 07:13:04 --> Chunk 6 berhasil disimpan
DEBUG - 2025-09-17 07:13:04 --> Chunk 7 belum ada, tunggu chunk berikutnya
DEBUG - 2025-09-17 07:13:08 --> Chunk 7 berhasil disimpan
DEBUG - 2025-09-17 07:13:08 --> Chunk 8 belum ada, tunggu chunk berikutnya
DEBUG - 2025-09-17 07:13:11 --> Chunk 8 berhasil disimpan
DEBUG - 2025-09-17 07:13:11 --> Chunk 1 berhasil digabung
DEBUG - 2025-09-17 07:13:11 --> Chunk 2 berhasil digabung
DEBUG - 2025-09-17 07:13:11 --> Chunk 3 berhasil digabung
DEBUG - 2025-09-17 07:13:11 --> Chunk 4 berhasil digabung
DEBUG - 2025-09-17 07:13:11 --> Chunk 5 berhasil digabung
DEBUG - 2025-09-17 07:13:11 --> Chunk 6 berhasil digabung
DEBUG - 2025-09-17 07:13:11 --> Chunk 7 berhasil digabung
DEBUG - 2025-09-17 07:13:11 --> Chunk 8 berhasil digabung
DEBUG - 2025-09-17 07:13:11 --> File final berhasil dibuat: C:\xampp\htdocs\sejiwa\public\uploads/video/68ca5f874b22b_Roblox 2025-03-01 19-51-41.mp4
DEBUG - 2025-09-17 07:13:13 --> Session: Class initialized using 'CodeIgniter\Session\Handlers\FileHandler' driver.
DEBUG - 2025-09-17 07:14:52 --> Session: Class initialized using 'CodeIgniter\Session\Handlers\FileHandler' driver.
DEBUG - 2025-09-17 07:14:52 --> Session: Class initialized using 'CodeIgniter\Session\Handlers\FileHandler' driver.
DEBUG - 2025-09-17 07:22:07 --> Session: Class initialized using 'CodeIgniter\Session\Handlers\FileHandler' driver.
DEBUG - 2025-09-17 07:22:29 --> Chunk 3 berhasil disimpan
DEBUG - 2025-09-17 07:22:29 --> Chunk 1 belum ada, tunggu chunk berikutnya
DEBUG - 2025-09-17 07:22:29 --> Chunk 1 berhasil disimpan
DEBUG - 2025-09-17 07:22:29 --> Chunk 2 belum ada, tunggu chunk berikutnya
DEBUG - 2025-09-17 07:22:29 --> Chunk 2 berhasil disimpan
DEBUG - 2025-09-17 07:22:29 --> Chunk 4 belum ada, tunggu chunk berikutnya
DEBUG - 2025-09-17 07:22:34 --> Chunk 4 berhasil disimpan
DEBUG - 2025-09-17 07:22:34 --> Chunk 1 berhasil digabung
DEBUG - 2025-09-17 07:22:34 --> Chunk 2 berhasil digabung
DEBUG - 2025-09-17 07:22:34 --> Chunk 3 berhasil digabung
DEBUG - 2025-09-17 07:22:34 --> Chunk 4 berhasil digabung
DEBUG - 2025-09-17 07:22:34 --> File final berhasil dibuat: C:\xampp\htdocs\sejiwa\public\uploads/video/68ca61ba44df7_Roblox 2025-03-01 19-54-16.mp4
DEBUG - 2025-09-17 07:22:39 --> Session: Class initialized using 'CodeIgniter\Session\Handlers\FileHandler' driver.
DEBUG - 2025-09-17 07:25:09 --> Session: Class initialized using 'CodeIgniter\Session\Handlers\FileHandler' driver.
DEBUG - 2025-09-17 07:25:10 --> Session: Class initialized using 'CodeIgniter\Session\Handlers\FileHandler' driver.
DEBUG - 2025-09-17 07:30:08 --> Session: Class initialized using 'CodeIgniter\Session\Handlers\FileHandler' driver.
DEBUG - 2025-09-17 07:30:08 --> Session: Class initialized using 'CodeIgniter\Session\Handlers\FileHandler' driver.
DEBUG - 2025-09-17 07:30:10 --> Session: Class initialized using 'CodeIgniter\Session\Handlers\FileHandler' driver.
DEBUG - 2025-09-17 07:30:11 --> Session: Class initialized using 'CodeIgniter\Session\Handlers\FileHandler' driver.
DEBUG - 2025-09-17 07:30:13 --> Session: Class initialized using 'CodeIgniter\Session\Handlers\FileHandler' driver.
DEBUG - 2025-09-17 07:30:13 --> Session: Class initialized using 'CodeIgniter\Session\Handlers\FileHandler' driver.
DEBUG - 2025-09-17 07:30:16 --> Session: Class initialized using 'CodeIgniter\Session\Handlers\FileHandler' driver.
DEBUG - 2025-09-17 07:30:16 --> Session: Class initialized using 'CodeIgniter\Session\Handlers\FileHandler' driver.
DEBUG - 2025-09-17 07:30:19 --> Session: Class initialized using 'CodeIgniter\Session\Handlers\FileHandler' driver.
DEBUG - 2025-09-17 07:30:19 --> Session: Class initialized using 'CodeIgniter\Session\Handlers\FileHandler' driver.
DEBUG - 2025-09-17 07:30:22 --> Session: Class initialized using 'CodeIgniter\Session\Handlers\FileHandler' driver.
DEBUG - 2025-09-17 07:30:22 --> Session: Class initialized using 'CodeIgniter\Session\Handlers\FileHandler' driver.
DEBUG - 2025-09-17 07:30:24 --> Session: Class initialized using 'CodeIgniter\Session\Handlers\FileHandler' driver.
DEBUG - 2025-09-17 07:30:51 --> Chunk 2 berhasil disimpan
DEBUG - 2025-09-17 07:30:51 --> Chunk 1 belum ada, tunggu chunk berikutnya
DEBUG - 2025-09-17 07:30:52 --> Chunk 3 berhasil disimpan
DEBUG - 2025-09-17 07:30:52 --> Chunk 1 belum ada, tunggu chunk berikutnya
DEBUG - 2025-09-17 07:30:52 --> Chunk 1 berhasil disimpan
DEBUG - 2025-09-17 07:30:52 --> Chunk 4 belum ada, tunggu chunk berikutnya
DEBUG - 2025-09-17 07:30:58 --> Chunk 4 berhasil disimpan
DEBUG - 2025-09-17 07:30:58 --> Chunk 1 berhasil digabung
DEBUG - 2025-09-17 07:30:58 --> Chunk 2 berhasil digabung
DEBUG - 2025-09-17 07:30:58 --> Chunk 3 berhasil digabung
DEBUG - 2025-09-17 07:30:58 --> Chunk 4 berhasil digabung
DEBUG - 2025-09-17 07:30:58 --> File final berhasil dibuat: C:\xampp\htdocs\sejiwa\public\uploads/video/68ca63b2172ee_Roblox 2025-03-01 19-54-16.mp4
DEBUG - 2025-09-17 07:31:09 --> Session: Class initialized using 'CodeIgniter\Session\Handlers\FileHandler' driver.
DEBUG - 2025-09-17 07:38:07 --> Session: Class initialized using 'CodeIgniter\Session\Handlers\FileHandler' driver.
DEBUG - 2025-09-17 07:38:13 --> Session: Class initialized using 'CodeIgniter\Session\Handlers\FileHandler' driver.
DEBUG - 2025-09-17 07:38:13 --> Session: Class initialized using 'CodeIgniter\Session\Handlers\FileHandler' driver.
DEBUG - 2025-09-17 07:38:14 --> Session: Class initialized using 'CodeIgniter\Session\Handlers\FileHandler' driver.
DEBUG - 2025-09-17 07:38:45 --> File final berhasil dibuat: C:\xampp\htdocs\sejiwa\public\uploads/video/68ca658572ab2_Roblox 2025-03-01 19-54-16.mp4
DEBUG - 2025-09-17 07:38:58 --> Session: Class initialized using 'CodeIgniter\Session\Handlers\FileHandler' driver.
DEBUG - 2025-09-17 07:39:39 --> Session: Class initialized using 'CodeIgniter\Session\Handlers\FileHandler' driver.
DEBUG - 2025-09-17 07:39:41 --> Session: Class initialized using 'CodeIgniter\Session\Handlers\FileHandler' driver.
DEBUG - 2025-09-17 07:40:03 --> Chunk 2 berhasil disimpan
DEBUG - 2025-09-17 07:40:03 --> Chunk 1 belum ada, tunggu chunk berikutnya
DEBUG - 2025-09-17 07:40:03 --> Chunk 1 berhasil disimpan
DEBUG - 2025-09-17 07:40:03 --> Chunk 3 belum ada, tunggu chunk berikutnya
DEBUG - 2025-09-17 07:40:03 --> Chunk 3 berhasil disimpan
DEBUG - 2025-09-17 07:40:03 --> Chunk 4 belum ada, tunggu chunk berikutnya
DEBUG - 2025-09-17 07:40:06 --> Chunk 5 berhasil disimpan
DEBUG - 2025-09-17 07:40:06 --> Chunk 4 belum ada, tunggu chunk berikutnya
DEBUG - 2025-09-17 07:40:06 --> Chunk 4 berhasil disimpan
DEBUG - 2025-09-17 07:40:06 --> Chunk 6 belum ada, tunggu chunk berikutnya
DEBUG - 2025-09-17 07:40:06 --> Chunk 6 berhasil disimpan
DEBUG - 2025-09-17 07:40:06 --> Chunk 7 belum ada, tunggu chunk berikutnya
DEBUG - 2025-09-17 07:40:08 --> Chunk 7 berhasil disimpan
DEBUG - 2025-09-17 07:40:08 --> Chunk 8 belum ada, tunggu chunk berikutnya
DEBUG - 2025-09-17 07:40:10 --> Chunk 8 berhasil disimpan
DEBUG - 2025-09-17 07:40:10 --> Chunk 1 berhasil digabung
DEBUG - 2025-09-17 07:40:10 --> Chunk 2 berhasil digabung
DEBUG - 2025-09-17 07:40:10 --> Chunk 3 berhasil digabung
DEBUG - 2025-09-17 07:40:10 --> Chunk 4 berhasil digabung
DEBUG - 2025-09-17 07:40:10 --> Chunk 5 berhasil digabung
DEBUG - 2025-09-17 07:40:10 --> Chunk 6 berhasil digabung
DEBUG - 2025-09-17 07:40:10 --> Chunk 7 berhasil digabung
DEBUG - 2025-09-17 07:40:10 --> Chunk 8 berhasil digabung
DEBUG - 2025-09-17 07:40:10 --> File final berhasil dibuat: C:\xampp\htdocs\sejiwa\public\uploads/video/68ca65da3feab_Roblox 2025-03-01 19-51-41.mp4
DEBUG - 2025-09-17 07:40:37 --> Session: Class initialized using 'CodeIgniter\Session\Handlers\FileHandler' driver.
DEBUG - 2025-09-17 11:09:27 --> Session: Class initialized using 'CodeIgniter\Session\Handlers\FileHandler' driver.
DEBUG - 2025-09-17 11:09:27 --> Session: Class initialized using 'CodeIgniter\Session\Handlers\FileHandler' driver.
DEBUG - 2025-09-17 11:09:29 --> Session: Class initialized using 'CodeIgniter\Session\Handlers\FileHandler' driver.
DEBUG - 2025-09-17 11:09:30 --> Session: Class initialized using 'CodeIgniter\Session\Handlers\FileHandler' driver.
DEBUG - 2025-09-17 11:09:31 --> Session: Class initialized using 'CodeIgniter\Session\Handlers\FileHandler' driver.
DEBUG - 2025-09-17 11:09:37 --> Session: Class initialized using 'CodeIgniter\Session\Handlers\FileHandler' driver.
DEBUG - 2025-09-17 11:09:37 --> Session: Class initialized using 'CodeIgniter\Session\Handlers\FileHandler' driver.
DEBUG - 2025-09-17 11:10:08 --> Session: Class initialized using 'CodeIgniter\Session\Handlers\FileHandler' driver.
DEBUG - 2025-09-17 11:10:10 --> Session: Class initialized using 'CodeIgniter\Session\Handlers\FileHandler' driver.
DEBUG - 2025-09-17 11:11:21 --> Session: Class initialized using 'CodeIgniter\Session\Handlers\FileHandler' driver.
DEBUG - 2025-09-17 11:11:22 --> Session: Class initialized using 'CodeIgniter\Session\Handlers\FileHandler' driver.
DEBUG - 2025-09-17 11:11:23 --> Session: Class initialized using 'CodeIgniter\Session\Handlers\FileHandler' driver.
DEBUG - 2025-09-17 11:11:24 --> Session: Class initialized using 'CodeIgniter\Session\Handlers\FileHandler' driver.
DEBUG - 2025-09-17 11:11:25 --> Session: Class initialized using 'CodeIgniter\Session\Handlers\FileHandler' driver.
DEBUG - 2025-09-17 11:11:45 --> Chunk 1 berhasil disimpan
DEBUG - 2025-09-17 11:11:45 --> Chunk 1 berhasil digabung
DEBUG - 2025-09-17 11:11:45 --> File final berhasil dibuat: C:\xampp\htdocs\sejiwa\public\uploads/video/68ca9771c403f_Undangannn.mov
DEBUG - 2025-09-17 11:11:57 --> Session: Class initialized using 'CodeIgniter\Session\Handlers\FileHandler' driver.
DEBUG - 2025-09-17 11:12:07 --> Session: Class initialized using 'CodeIgniter\Session\Handlers\FileHandler' driver.
DEBUG - 2025-09-17 11:12:07 --> Session: Class initialized using 'CodeIgniter\Session\Handlers\FileHandler' driver.
DEBUG - 2025-09-17 11:12:11 --> Session: Class initialized using 'CodeIgniter\Session\Handlers\FileHandler' driver.
DEBUG - 2025-09-17 11:12:11 --> Session: Class initialized using 'CodeIgniter\Session\Handlers\FileHandler' driver.
DEBUG - 2025-09-17 11:12:12 --> Session: Class initialized using 'CodeIgniter\Session\Handlers\FileHandler' driver.
DEBUG - 2025-09-17 11:12:13 --> Session: Class initialized using 'CodeIgniter\Session\Handlers\FileHandler' driver.
DEBUG - 2025-09-17 11:12:15 --> Session: Class initialized using 'CodeIgniter\Session\Handlers\FileHandler' driver.
DEBUG - 2025-09-17 11:12:17 --> Session: Class initialized using 'CodeIgniter\Session\Handlers\FileHandler' driver.
DEBUG - 2025-09-17 11:12:22 --> Session: Class initialized using 'CodeIgniter\Session\Handlers\FileHandler' driver.
DEBUG - 2025-09-17 11:12:22 --> Session: Class initialized using 'CodeIgniter\Session\Handlers\FileHandler' driver.
DEBUG - 2025-09-17 11:12:26 --> Session: Class initialized using 'CodeIgniter\Session\Handlers\FileHandler' driver.
DEBUG - 2025-09-17 11:12:26 --> Session: Class initialized using 'CodeIgniter\Session\Handlers\FileHandler' driver.
DEBUG - 2025-09-17 11:12:27 --> Session: Class initialized using 'CodeIgniter\Session\Handlers\FileHandler' driver.
DEBUG - 2025-09-17 11:12:30 --> Session: Class initialized using 'CodeIgniter\Session\Handlers\FileHandler' driver.
DEBUG - 2025-09-17 11:12:34 --> Session: Class initialized using 'CodeIgniter\Session\Handlers\FileHandler' driver.
DEBUG - 2025-09-17 11:12:34 --> Session: Class initialized using 'CodeIgniter\Session\Handlers\FileHandler' driver.
DEBUG - 2025-09-17 11:12:36 --> Session: Class initialized using 'CodeIgniter\Session\Handlers\FileHandler' driver.
DEBUG - 2025-09-17 11:12:36 --> Session: Class initialized using 'CodeIgniter\Session\Handlers\FileHandler' driver.
DEBUG - 2025-09-17 11:12:37 --> Session: Class initialized using 'CodeIgniter\Session\Handlers\FileHandler' driver.
DEBUG - 2025-09-17 11:12:53 --> Session: Class initialized using 'CodeIgniter\Session\Handlers\FileHandler' driver.
DEBUG - 2025-09-17 11:13:08 --> Session: Class initialized using 'CodeIgniter\Session\Handlers\FileHandler' driver.
DEBUG - 2025-09-17 11:13:15 --> Session: Class initialized using 'CodeIgniter\Session\Handlers\FileHandler' driver.
DEBUG - 2025-09-17 11:13:16 --> Session: Class initialized using 'CodeIgniter\Session\Handlers\FileHandler' driver.
DEBUG - 2025-09-17 11:13:18 --> Session: Class initialized using 'CodeIgniter\Session\Handlers\FileHandler' driver.
DEBUG - 2025-09-17 11:13:21 --> Session: Class initialized using 'CodeIgniter\Session\Handlers\FileHandler' driver.
DEBUG - 2025-09-17 11:13:24 --> Session: Class initialized using 'CodeIgniter\Session\Handlers\FileHandler' driver.
DEBUG - 2025-09-17 14:13:48 --> Session: Class initialized using 'CodeIgniter\Session\Handlers\FileHandler' driver.
DEBUG - 2025-09-17 14:13:48 --> Session: Class initialized using 'CodeIgniter\Session\Handlers\FileHandler' driver.
DEBUG - 2025-09-17 14:13:58 --> Session: Class initialized using 'CodeIgniter\Session\Handlers\FileHandler' driver.
DEBUG - 2025-09-17 14:14:03 --> Session: Class initialized using 'CodeIgniter\Session\Handlers\FileHandler' driver.
DEBUG - 2025-09-17 14:14:04 --> Session: Class initialized using 'CodeIgniter\Session\Handlers\FileHandler' driver.
DEBUG - 2025-09-17 14:14:08 --> Session: Class initialized using 'CodeIgniter\Session\Handlers\FileHandler' driver.
DEBUG - 2025-09-17 14:14:12 --> Session: Class initialized using 'CodeIgniter\Session\Handlers\FileHandler' driver.
DEBUG - 2025-09-17 14:14:21 --> Session: Class initialized using 'CodeIgniter\Session\Handlers\FileHandler' driver.
DEBUG - 2025-09-17 14:14:21 --> Session: Class initialized using 'CodeIgniter\Session\Handlers\FileHandler' driver.
DEBUG - 2025-09-17 14:14:46 --> Session: Class initialized using 'CodeIgniter\Session\Handlers\FileHandler' driver.
DEBUG - 2025-09-17 14:14:46 --> Session: Class initialized using 'CodeIgniter\Session\Handlers\FileHandler' driver.
DEBUG - 2025-09-17 14:14:47 --> Session: Class initialized using 'CodeIgniter\Session\Handlers\FileHandler' driver.
DEBUG - 2025-09-17 14:14:53 --> Session: Class initialized using 'CodeIgniter\Session\Handlers\FileHandler' driver.
DEBUG - 2025-09-17 14:14:53 --> Session: Class initialized using 'CodeIgniter\Session\Handlers\FileHandler' driver.
DEBUG - 2025-09-17 14:14:54 --> Session: Class initialized using 'CodeIgniter\Session\Handlers\FileHandler' driver.
DEBUG - 2025-09-17 14:14:59 --> Session: Class initialized using 'CodeIgniter\Session\Handlers\FileHandler' driver.
DEBUG - 2025-09-17 14:14:59 --> Session: Class initialized using 'CodeIgniter\Session\Handlers\FileHandler' driver.
DEBUG - 2025-09-17 14:15:01 --> Session: Class initialized using 'CodeIgniter\Session\Handlers\FileHandler' driver.
DEBUG - 2025-09-17 14:15:01 --> Session: Class initialized using 'CodeIgniter\Session\Handlers\FileHandler' driver.
DEBUG - 2025-09-17 14:15:03 --> Session: Class initialized using 'CodeIgniter\Session\Handlers\FileHandler' driver.
DEBUG - 2025-09-17 14:15:04 --> Session: Class initialized using 'CodeIgniter\Session\Handlers\FileHandler' driver.
DEBUG - 2025-09-17 14:15:04 --> Session: Class initialized using 'CodeIgniter\Session\Handlers\FileHandler' driver.
DEBUG - 2025-09-17 14:15:14 --> Session: Class initialized using 'CodeIgniter\Session\Handlers\FileHandler' driver.
DEBUG - 2025-09-17 14:15:54 --> Session: Class initialized using 'CodeIgniter\Session\Handlers\FileHandler' driver.
DEBUG - 2025-09-17 14:15:55 --> Session: Class initialized using 'CodeIgniter\Session\Handlers\FileHandler' driver.
DEBUG - 2025-09-17 14:16:10 --> Session: Class initialized using 'CodeIgniter\Session\Handlers\FileHandler' driver.
DEBUG - 2025-09-17 14:16:11 --> Session: Class initialized using 'CodeIgniter\Session\Handlers\FileHandler' driver.
DEBUG - 2025-09-17 14:16:16 --> Session: Class initialized using 'CodeIgniter\Session\Handlers\FileHandler' driver.
DEBUG - 2025-09-17 14:16:16 --> Session: Class initialized using 'CodeIgniter\Session\Handlers\FileHandler' driver.
DEBUG - 2025-09-17 14:16:18 --> Session: Class initialized using 'CodeIgniter\Session\Handlers\FileHandler' driver.
DEBUG - 2025-09-17 14:16:18 --> Session: Class initialized using 'CodeIgniter\Session\Handlers\FileHandler' driver.
DEBUG - 2025-09-17 14:16:20 --> Session: Class initialized using 'CodeIgniter\Session\Handlers\FileHandler' driver.
DEBUG - 2025-09-17 14:16:21 --> Session: Class initialized using 'CodeIgniter\Session\Handlers\FileHandler' driver.
DEBUG - 2025-09-17 14:16:26 --> Session: Class initialized using 'CodeIgniter\Session\Handlers\FileHandler' driver.
DEBUG - 2025-09-17 14:16:27 --> Session: Class initialized using 'CodeIgniter\Session\Handlers\FileHandler' driver.
DEBUG - 2025-09-17 14:16:28 --> Session: Class initialized using 'CodeIgniter\Session\Handlers\FileHandler' driver.
DEBUG - 2025-09-17 14:16:47 --> Session: Class initialized using 'CodeIgniter\Session\Handlers\FileHandler' driver.
DEBUG - 2025-09-17 14:16:47 --> Session: Class initialized using 'CodeIgniter\Session\Handlers\FileHandler' driver.
DEBUG - 2025-09-17 14:16:49 --> Session: Class initialized using 'CodeIgniter\Session\Handlers\FileHandler' driver.
DEBUG - 2025-09-17 14:16:55 --> Session: Class initialized using 'CodeIgniter\Session\Handlers\FileHandler' driver.
DEBUG - 2025-09-17 14:16:55 --> Session: Class initialized using 'CodeIgniter\Session\Handlers\FileHandler' driver.
DEBUG - 2025-09-17 14:16:56 --> Session: Class initialized using 'CodeIgniter\Session\Handlers\FileHandler' driver.
DEBUG - 2025-09-17 14:17:03 --> Session: Class initialized using 'CodeIgniter\Session\Handlers\FileHandler' driver.
DEBUG - 2025-09-17 14:17:03 --> Session: Class initialized using 'CodeIgniter\Session\Handlers\FileHandler' driver.
DEBUG - 2025-09-17 14:17:07 --> Session: Class initialized using 'CodeIgniter\Session\Handlers\FileHandler' driver.
DEBUG - 2025-09-17 14:17:08 --> Session: Class initialized using 'CodeIgniter\Session\Handlers\FileHandler' driver.
DEBUG - 2025-09-17 14:17:15 --> Session: Class initialized using 'CodeIgniter\Session\Handlers\FileHandler' driver.
DEBUG - 2025-09-17 14:17:16 --> Session: Class initialized using 'CodeIgniter\Session\Handlers\FileHandler' driver.
DEBUG - 2025-09-17 14:17:18 --> Session: Class initialized using 'CodeIgniter\Session\Handlers\FileHandler' driver.
DEBUG - 2025-09-17 14:24:43 --> Session: Class initialized using 'CodeIgniter\Session\Handlers\FileHandler' driver.
DEBUG - 2025-09-17 14:25:50 --> Session: Class initialized using 'CodeIgniter\Session\Handlers\FileHandler' driver.
DEBUG - 2025-09-17 14:26:01 --> Session: Class initialized using 'CodeIgniter\Session\Handlers\FileHandler' driver.
DEBUG - 2025-09-17 14:26:01 --> Session: Class initialized using 'CodeIgniter\Session\Handlers\FileHandler' driver.
DEBUG - 2025-09-17 14:26:02 --> Session: Class initialized using 'CodeIgniter\Session\Handlers\FileHandler' driver.
DEBUG - 2025-09-17 14:26:07 --> Session: Class initialized using 'CodeIgniter\Session\Handlers\FileHandler' driver.
DEBUG - 2025-09-17 14:26:07 --> Session: Class initialized using 'CodeIgniter\Session\Handlers\FileHandler' driver.
DEBUG - 2025-09-17 14:26:09 --> Session: Class initialized using 'CodeIgniter\Session\Handlers\FileHandler' driver.
DEBUG - 2025-09-17 14:28:42 --> Session: Class initialized using 'CodeIgniter\Session\Handlers\FileHandler' driver.
DEBUG - 2025-09-17 14:28:44 --> Session: Class initialized using 'CodeIgniter\Session\Handlers\FileHandler' driver.
DEBUG - 2025-09-17 14:29:24 --> Session: Class initialized using 'CodeIgniter\Session\Handlers\FileHandler' driver.
DEBUG - 2025-09-17 14:29:28 --> Session: Class initialized using 'CodeIgniter\Session\Handlers\FileHandler' driver.
DEBUG - 2025-09-17 14:29:28 --> Session: Class initialized using 'CodeIgniter\Session\Handlers\FileHandler' driver.
DEBUG - 2025-09-17 14:29:29 --> Session: Class initialized using 'CodeIgniter\Session\Handlers\FileHandler' driver.
DEBUG - 2025-09-17 14:29:37 --> Session: Class initialized using 'CodeIgniter\Session\Handlers\FileHandler' driver.
DEBUG - 2025-09-17 14:29:37 --> Session: Class initialized using 'CodeIgniter\Session\Handlers\FileHandler' driver.
DEBUG - 2025-09-17 14:29:39 --> Session: Class initialized using 'CodeIgniter\Session\Handlers\FileHandler' driver.
DEBUG - 2025-09-17 14:29:49 --> Session: Class initialized using 'CodeIgniter\Session\Handlers\FileHandler' driver.
DEBUG - 2025-09-17 14:29:49 --> Session: Class initialized using 'CodeIgniter\Session\Handlers\FileHandler' driver.
DEBUG - 2025-09-17 14:29:51 --> Session: Class initialized using 'CodeIgniter\Session\Handlers\FileHandler' driver.
DEBUG - 2025-09-17 14:29:54 --> Session: Class initialized using 'CodeIgniter\Session\Handlers\FileHandler' driver.
DEBUG - 2025-09-17 14:29:54 --> Session: Class initialized using 'CodeIgniter\Session\Handlers\FileHandler' driver.
DEBUG - 2025-09-17 14:30:33 --> Session: Class initialized using 'CodeIgniter\Session\Handlers\FileHandler' driver.
DEBUG - 2025-09-17 14:30:34 --> Session: Class initialized using 'CodeIgniter\Session\Handlers\FileHandler' driver.
DEBUG - 2025-09-17 14:32:29 --> Session: Class initialized using 'CodeIgniter\Session\Handlers\FileHandler' driver.
DEBUG - 2025-09-17 14:32:32 --> Session: Class initialized using 'CodeIgniter\Session\Handlers\FileHandler' driver.
DEBUG - 2025-09-17 14:32:32 --> Session: Class initialized using 'CodeIgniter\Session\Handlers\FileHandler' driver.
DEBUG - 2025-09-17 14:32:34 --> Session: Class initialized using 'CodeIgniter\Session\Handlers\FileHandler' driver.
DEBUG - 2025-09-17 14:33:01 --> Session: Class initialized using 'CodeIgniter\Session\Handlers\FileHandler' driver.
DEBUG - 2025-09-17 14:33:04 --> Session: Class initialized using 'CodeIgniter\Session\Handlers\FileHandler' driver.
DEBUG - 2025-09-17 14:33:05 --> Session: Class initialized using 'CodeIgniter\Session\Handlers\FileHandler' driver.
DEBUG - 2025-09-17 14:33:12 --> Session: Class initialized using 'CodeIgniter\Session\Handlers\FileHandler' driver.
DEBUG - 2025-09-17 14:33:14 --> Session: Class initialized using 'CodeIgniter\Session\Handlers\FileHandler' driver.
DEBUG - 2025-09-17 14:33:14 --> Session: Class initialized using 'CodeIgniter\Session\Handlers\FileHandler' driver.
DEBUG - 2025-09-17 14:33:15 --> Session: Class initialized using 'CodeIgniter\Session\Handlers\FileHandler' driver.
DEBUG - 2025-09-17 14:33:19 --> Session: Class initialized using 'CodeIgniter\Session\Handlers\FileHandler' driver.
DEBUG - 2025-09-17 14:33:19 --> Session: Class initialized using 'CodeIgniter\Session\Handlers\FileHandler' driver.
DEBUG - 2025-09-17 14:33:21 --> Session: Class initialized using 'CodeIgniter\Session\Handlers\FileHandler' driver.
DEBUG - 2025-09-17 14:33:23 --> Session: Class initialized using 'CodeIgniter\Session\Handlers\FileHandler' driver.
DEBUG - 2025-09-17 14:33:23 --> Session: Class initialized using 'CodeIgniter\Session\Handlers\FileHandler' driver.
DEBUG - 2025-09-17 14:33:24 --> Session: Class initialized using 'CodeIgniter\Session\Handlers\FileHandler' driver.
DEBUG - 2025-09-17 14:33:28 --> Session: Class initialized using 'CodeIgniter\Session\Handlers\FileHandler' driver.
DEBUG - 2025-09-17 14:33:29 --> Session: Class initialized using 'CodeIgniter\Session\Handlers\FileHandler' driver.
DEBUG - 2025-09-17 14:33:31 --> Session: Class initialized using 'CodeIgniter\Session\Handlers\FileHandler' driver.
DEBUG - 2025-09-17 14:33:34 --> Session: Class initialized using 'CodeIgniter\Session\Handlers\FileHandler' driver.
DEBUG - 2025-09-17 14:33:37 --> Session: Class initialized using 'CodeIgniter\Session\Handlers\FileHandler' driver.
DEBUG - 2025-09-17 14:33:38 --> Session: Class initialized using 'CodeIgniter\Session\Handlers\FileHandler' driver.
DEBUG - 2025-09-17 14:33:55 --> Session: Class initialized using 'CodeIgniter\Session\Handlers\FileHandler' driver.
DEBUG - 2025-09-17 14:34:15 --> Chunk 1 berhasil disimpan
DEBUG - 2025-09-17 14:34:15 --> Chunk 1 berhasil digabung
DEBUG - 2025-09-17 14:34:15 --> File final berhasil dibuat: C:\xampp\htdocs\sejiwa\public\uploads/video/68cac6e7c43c7_Undangannn.mov
DEBUG - 2025-09-17 14:34:29 --> Session: Class initialized using 'CodeIgniter\Session\Handlers\FileHandler' driver.
DEBUG - 2025-09-17 14:35:01 --> Session: Class initialized using 'CodeIgniter\Session\Handlers\FileHandler' driver.
CRITICAL - 2025-09-17 14:35:01 --> ErrorException: Trying to access array offset on value of type null
[Method: GET, Route: content/edit/2]
in APPPATH\Views\admin\content\edit-content.php on line 70.
 1 APPPATH\Views\admin\content\edit-content.php(70): CodeIgniter\Debug\Exceptions->errorHandler(2, 'Trying to access array offset on value of type null', 'C:\\xampp\\htdocs\\sejiwa\\app\\Views\\admin\\content\\edit-content.php', 70)
 2 SYSTEMPATH\View\View.php(226): include('C:\\xampp\\htdocs\\sejiwa\\app\\Views\\admin\\content\\edit-content.php')
 3 SYSTEMPATH\View\View.php(229): CodeIgniter\View\View->CodeIgniter\View\{closure}()
 4 SYSTEMPATH\Common.php(1167): CodeIgniter\View\View->render('admin/content/edit-content', [], true)
 5 APPPATH\Controllers\ContentController.php(124): view('admin/content/edit-content', [...])
 6 SYSTEMPATH\CodeIgniter.php(933): App\Controllers\ContentController->edit('2')
 7 SYSTEMPATH\CodeIgniter.php(507): CodeIgniter\CodeIgniter->runController(Object(App\Controllers\ContentController))
 8 SYSTEMPATH\CodeIgniter.php(354): CodeIgniter\CodeIgniter->handleRequest(null, Object(Config\Cache), false)
 9 SYSTEMPATH\Boot.php(363): CodeIgniter\CodeIgniter->run()
10 SYSTEMPATH\Boot.php(68): CodeIgniter\Boot::runCodeIgniter(Object(CodeIgniter\CodeIgniter))
11 FCPATH\index.php(59): CodeIgniter\Boot::bootWeb(Object(Config\Paths))
12 SYSTEMPATH\rewrite.php(44): require_once('C:\\xampp\\htdocs\\sejiwa\\public\\index.php')
DEBUG - 2025-09-17 14:35:13 --> Session: Class initialized using 'CodeIgniter\Session\Handlers\FileHandler' driver.
DEBUG - 2025-09-17 14:35:23 --> Session: Class initialized using 'CodeIgniter\Session\Handlers\FileHandler' driver.
DEBUG - 2025-09-17 14:35:23 --> Session: Class initialized using 'CodeIgniter\Session\Handlers\FileHandler' driver.
DEBUG - 2025-09-17 14:35:45 --> Session: Class initialized using 'CodeIgniter\Session\Handlers\FileHandler' driver.
DEBUG - 2025-09-17 14:35:45 --> Session: Class initialized using 'CodeIgniter\Session\Handlers\FileHandler' driver.
DEBUG - 2025-09-17 14:35:56 --> Session: Class initialized using 'CodeIgniter\Session\Handlers\FileHandler' driver.
